TN:
SF:src/middleware.ts
FN:31,(anonymous_3)
FNF:1
FNH:0
FNDA:0,(anonymous_3)
DA:1,0
DA:2,0
DA:4,0
DA:23,0
DA:31,0
DA:32,0
DA:33,0
DA:36,0
DA:37,0
DA:38,0
DA:39,0
DA:47,0
LF:12
LH:0
BRDA:32,0,0,0
BRDA:32,0,1,0
BRDA:36,1,0,0
BRDA:36,1,1,0
BRDA:38,2,0,0
BRDA:38,2,1,0
BRF:6
BRH:0
end_of_record
TN:
SF:src/app/layout.tsx
FN:25,RootLayout
FNF:1
FNH:0
FNDA:0,RootLayout
DA:2,0
DA:3,0
DA:4,0
DA:5,0
DA:6,0
DA:7,0
DA:9,0
DA:12,0
DA:14,0
DA:23,0
DA:25,0
DA:31,0
LF:12
LH:0
BRDA:31,0,0,0
BRDA:31,0,1,0
BRF:2
BRH:0
end_of_record
TN:
SF:src/app/page.tsx
FN:6,HomePage
FN:9,(anonymous_2)
FNF:2
FNH:0
FNDA:0,HomePage
FNDA:0,(anonymous_2)
DA:3,0
DA:4,0
DA:6,0
DA:7,0
DA:9,0
DA:11,0
DA:14,0
LF:7
LH:0
BRF:0
BRH:0
end_of_record
TN:
SF:src/app/providers.tsx
FN:17,AppProviders
FN:65,ClerkLoadingFallback
FN:68,(anonymous_6)
FN:69,(anonymous_7)
FN:70,(anonymous_8)
FNF:5
FNH:0
FNDA:0,AppProviders
FNDA:0,ClerkLoadingFallback
FNDA:0,(anonymous_6)
FNDA:0,(anonymous_7)
FNDA:0,(anonymous_8)
DA:3,0
DA:4,0
DA:5,0
DA:6,0
DA:7,0
DA:8,0
DA:9,0
DA:11,0
DA:17,0
DA:18,0
DA:19,0
DA:21,0
DA:22,0
DA:25,0
DA:65,0
DA:66,0
DA:68,0
DA:69,0
DA:70,0
LF:19
LH:0
BRDA:19,0,0,0
BRDA:19,0,1,0
BRDA:25,1,0,0
BRDA:25,1,1,0
BRDA:76,2,0,0
BRF:5
BRH:0
end_of_record
TN:
SF:src/app/(auth)/activate/[token]/page.tsx
FN:19,ActivateAccountPage
FN:40,(anonymous_2)
FN:51,(anonymous_3)
FN:135,(anonymous_4)
FN:203,(anonymous_5)
FN:210,(anonymous_6)
FN:254,(anonymous_7)
FN:261,(anonymous_8)
FN:285,(anonymous_9)
FN:293,(anonymous_10)
FN:317,(anonymous_11)
FN:325,(anonymous_12)
FNF:12
FNH:0
FNDA:0,ActivateAccountPage
FNDA:0,(anonymous_2)
FNDA:0,(anonymous_3)
FNDA:0,(anonymous_4)
FNDA:0,(anonymous_5)
FNDA:0,(anonymous_6)
FNDA:0,(anonymous_7)
FNDA:0,(anonymous_8)
FNDA:0,(anonymous_9)
FNDA:0,(anonymous_10)
FNDA:0,(anonymous_11)
FNDA:0,(anonymous_12)
DA:3,0
DA:4,0
DA:5,0
DA:6,0
DA:7,0
DA:8,0
DA:9,0
DA:10,0
DA:11,0
DA:12,0
DA:13,0
DA:19,0
DA:20,0
DA:21,0
DA:22,0
DA:24,0
DA:25,0
DA:26,0
DA:27,0
DA:28,0
DA:29,0
DA:30,0
DA:31,0
DA:32,0
DA:33,0
DA:36,0
DA:40,0
DA:41,0
DA:42,0
DA:43,0
DA:44,0
DA:46,0
DA:51,0
DA:52,0
DA:54,0
DA:55,0
DA:56,0
DA:59,0
DA:60,0
DA:61,0
DA:65,0
DA:66,0
DA:67,0
DA:70,0
DA:71,0
DA:72,0
DA:76,0
DA:77,0
DA:78,0
DA:82,0
DA:83,0
DA:84,0
DA:87,0
DA:88,0
DA:90,0
DA:92,0
DA:99,0
DA:101,0
DA:111,0
DA:113,0
DA:114,0
DA:118,0
DA:124,0
DA:125,0
DA:129,0
DA:132,0
DA:135,0
DA:136,0
DA:139,0
DA:140,0
DA:142,0
DA:143,0
DA:145,0
DA:150,0
DA:153,0
DA:154,0
DA:155,0
DA:156,0
DA:157,0
DA:158,0
DA:159,0
DA:160,0
DA:162,0
DA:165,0
DA:168,0
DA:173,0
DA:185,0
DA:203,0
DA:210,0
DA:254,0
DA:261,0
DA:285,0
DA:293,0
DA:317,0
DA:325,0
LF:95
LH:0
BRDA:41,0,0,0
BRDA:41,0,1,0
BRDA:42,1,0,0
BRDA:42,1,1,0
BRDA:54,2,0,0
BRDA:54,2,1,0
BRDA:59,3,0,0
BRDA:59,3,1,0
BRDA:65,4,0,0
BRDA:65,4,1,0
BRDA:70,5,0,0
BRDA:70,5,1,0
BRDA:76,6,0,0
BRDA:76,6,1,0
BRDA:76,7,0,0
BRDA:76,7,1,0
BRDA:82,8,0,0
BRDA:82,8,1,0
BRDA:82,9,0,0
BRDA:82,9,1,0
BRDA:99,10,0,0
BRDA:99,10,1,0
BRDA:113,11,0,0
BRDA:113,11,1,0
BRDA:124,12,0,0
BRDA:124,12,1,0
BRDA:129,13,0,0
BRDA:129,13,1,0
BRDA:136,14,0,0
BRDA:136,14,1,0
BRDA:136,14,2,0
BRDA:136,14,3,0
BRDA:153,15,0,0
BRDA:153,15,1,0
BRDA:155,16,0,0
BRDA:155,16,1,0
BRDA:157,17,0,0
BRDA:157,17,1,0
BRDA:159,18,0,0
BRDA:159,18,1,0
BRDA:162,19,0,0
BRDA:162,19,1,0
BRDA:165,20,0,0
BRDA:165,20,1,0
BRDA:173,21,0,0
BRDA:173,21,1,0
BRDA:185,22,0,0
BRDA:185,22,1,0
BRDA:252,23,0,0
BRDA:252,23,1,0
BRDA:266,24,0,0
BRDA:283,25,0,0
BRDA:283,25,1,0
BRDA:298,26,0,0
BRDA:315,27,0,0
BRDA:315,27,1,0
BRDA:330,28,0,0
BRDA:339,29,0,0
BRDA:351,30,0,0
BRDA:351,30,1,0
BRF:60
BRH:0
end_of_record
TN:
SF:src/app/(auth)/forgot-password/page.tsx
FN:23,ForgotPasswordPage
FN:37,(anonymous_6)
FN:81,(anonymous_7)
FNF:3
FNH:0
FNDA:0,ForgotPasswordPage
FNDA:0,(anonymous_6)
FNDA:0,(anonymous_7)
DA:3,0
DA:4,0
DA:5,0
DA:6,0
DA:7,0
DA:8,0
DA:9,0
DA:10,0
DA:11,0
DA:12,0
DA:13,0
DA:14,0
DA:15,0
DA:17,0
DA:23,0
DA:24,0
DA:25,0
DA:26,0
DA:27,0
DA:28,0
DA:30,0
DA:37,0
DA:38,0
DA:39,0
DA:41,0
DA:42,0
DA:43,0
DA:45,0
DA:46,0
DA:48,0
DA:52,0
DA:82,0
DA:83,0
LF:33
LH:0
BRDA:46,0,0,0
BRDA:46,0,1,0
BRDA:52,1,0,0
BRDA:52,1,1,0
BRDA:116,2,0,0
BRDA:147,3,0,0
BRDA:147,3,1,0
BRF:7
BRH:0
end_of_record
TN:
SF:src/app/(auth)/reset-password/[token]/page.tsx
FN:25,(anonymous_5)
FN:32,ResetPasswordPage
FN:57,(anonymous_7)
FN:58,(anonymous_8)
FN:82,(anonymous_9)
FN:104,(anonymous_10)
FNF:6
FNH:0
FNDA:0,(anonymous_5)
FNDA:0,ResetPasswordPage
FNDA:0,(anonymous_7)
FNDA:0,(anonymous_8)
FNDA:0,(anonymous_9)
FNDA:0,(anonymous_10)
DA:3,0
DA:4,0
DA:5,0
DA:6,0
DA:7,0
DA:8,0
DA:9,0
DA:10,0
DA:11,0
DA:12,0
DA:13,0
DA:14,0
DA:15,0
DA:16,0
DA:18,0
DA:25,0
DA:32,0
DA:33,0
DA:34,0
DA:35,0
DA:37,0
DA:38,0
DA:40,0
DA:41,0
DA:42,0
DA:43,0
DA:44,0
DA:45,0
DA:46,0
DA:48,0
DA:57,0
DA:58,0
DA:59,0
DA:60,0
DA:61,0
DA:62,0
DA:65,0
DA:66,0
DA:67,0
DA:68,0
DA:69,0
DA:71,0
DA:72,0
DA:73,0
DA:75,0
DA:79,0
DA:82,0
DA:83,0
DA:84,0
DA:85,0
DA:88,0
DA:89,0
DA:91,0
DA:93,0
DA:96,0
DA:101,0
DA:104,0
DA:105,0
DA:108,0
DA:109,0
DA:111,0
DA:116,0
DA:130,0
DA:167,0
LF:64
LH:0
BRDA:59,0,0,0
BRDA:59,0,1,0
BRDA:72,1,0,0
BRDA:72,1,1,0
BRDA:83,2,0,0
BRDA:83,2,1,0
BRDA:109,3,0,0
BRDA:109,3,1,0
BRDA:116,4,0,0
BRDA:116,4,1,0
BRDA:130,5,0,0
BRDA:130,5,1,0
BRDA:167,6,0,0
BRDA:167,6,1,0
BRDA:204,7,0,0
BRDA:258,8,0,0
BRF:16
BRH:0
end_of_record
TN:
SF:src/app/(dashboard)/layout.tsx
FN:4,DashboardGroupLayout
FNF:1
FNH:0
FNDA:0,DashboardGroupLayout
DA:2,0
DA:4,0
LF:2
LH:0
BRF:0
BRH:0
end_of_record
TN:
SF:src/app/(dashboard)/account/page.tsx
FN:55,(anonymous_4)
FN:62,AccountPage
FN:87,(anonymous_6)
FN:117,(anonymous_7)
FN:236,(anonymous_8)
FN:243,(anonymous_9)
FN:290,(anonymous_10)
FN:388,(anonymous_14)
FNF:8
FNH:1
FNDA:0,(anonymous_4)
FNDA:21,AccountPage
FNDA:0,(anonymous_6)
FNDA:0,(anonymous_7)
FNDA:0,(anonymous_8)
FNDA:0,(anonymous_9)
FNDA:0,(anonymous_10)
FNDA:0,(anonymous_14)
DA:3,1
DA:4,1
DA:5,1
DA:6,1
DA:7,1
DA:8,1
DA:9,1
DA:10,1
DA:11,1
DA:20,1
DA:28,1
DA:37,1
DA:38,1
DA:39,1
DA:40,1
DA:41,1
DA:44,1
DA:55,0
DA:62,5
DA:63,21
DA:64,21
DA:65,21
DA:67,21
DA:68,20
DA:69,20
DA:72,20
DA:75,0
DA:78,0
DA:87,0
DA:88,0
DA:89,0
DA:90,0
DA:92,0
DA:98,0
DA:103,0
DA:104,0
DA:106,0
DA:107,0
DA:113,0
DA:117,0
DA:118,0
DA:119,0
DA:124,0
DA:127,0
DA:128,0
DA:133,0
DA:136,0
DA:137,0
DA:138,0
DA:139,0
DA:145,0
DA:147,0
DA:149,0
DA:150,0
DA:154,0
DA:161,0
DA:162,0
DA:168,0
DA:172,0
DA:237,0
DA:238,0
DA:244,0
DA:290,0
DA:388,0
LF:64
LH:25
BRDA:90,0,0,0
BRDA:90,0,1,0
BRDA:109,1,0,0
BRDA:109,1,1,0
BRDA:118,2,0,0
BRDA:118,2,1,0
BRDA:127,3,0,0
BRDA:127,3,1,0
BRDA:145,4,0,0
BRDA:145,4,1,0
BRDA:149,5,0,0
BRDA:149,5,1,0
BRDA:172,6,0,0
BRDA:172,6,1,0
BRDA:209,7,0,0
BRDA:209,7,1,0
BRDA:209,7,2,0
BRDA:211,8,0,0
BRDA:211,8,1,0
BRDA:211,8,2,0
BRDA:215,9,0,0
BRDA:215,9,1,0
BRDA:215,9,2,0
BRDA:238,10,0,0
BRDA:238,10,1,0
BRDA:249,11,0,0
BRDA:393,12,0,0
BRDA:393,12,1,0
BRF:28
BRH:0
end_of_record
TN:
SF:src/app/(dashboard)/achievements/page.tsx
FN:28,AchievementsPage
FN:35,(anonymous_5)
FN:37,(anonymous_6)
FN:41,(anonymous_7)
FN:71,(anonymous_8)
FN:73,(anonymous_9)
FN:120,(anonymous_10)
FN:148,(anonymous_11)
FNF:8
FNH:0
FNDA:0,AchievementsPage
FNDA:0,(anonymous_5)
FNDA:0,(anonymous_6)
FNDA:0,(anonymous_7)
FNDA:0,(anonymous_8)
FNDA:0,(anonymous_9)
FNDA:0,(anonymous_10)
FNDA:0,(anonymous_11)
DA:3,0
DA:4,0
DA:5,0
DA:6,0
DA:7,0
DA:8,0
DA:28,0
DA:29,0
DA:30,0
DA:31,0
DA:32,0
DA:33,0
DA:35,0
DA:36,0
DA:37,0
DA:38,0
DA:41,0
DA:42,0
DA:43,0
DA:44,0
DA:48,0
DA:49,0
DA:50,0
DA:51,0
DA:52,0
DA:57,0
DA:58,0
DA:59,0
DA:64,0
DA:65,0
DA:67,0
DA:71,0
DA:73,0
DA:74,0
DA:75,0
DA:76,0
DA:81,0
DA:82,0
DA:83,0
DA:89,0
DA:90,0
DA:91,0
DA:92,0
DA:94,0
DA:101,0
DA:121,0
DA:122,0
DA:148,0
LF:48
LH:0
BRDA:51,0,0,0
BRDA:51,0,1,0
BRDA:58,1,0,0
BRDA:58,1,1,0
BRDA:64,2,0,0
BRDA:64,2,1,0
BRDA:64,3,0,0
BRDA:64,3,1,0
BRDA:64,4,0,0
BRDA:64,4,1,0
BRDA:65,5,0,0
BRDA:65,5,1,0
BRDA:65,6,0,0
BRDA:65,6,1,0
BRDA:65,7,0,0
BRDA:65,7,1,0
BRDA:81,8,0,0
BRDA:81,8,1,0
BRDA:92,9,0,0
BRDA:92,9,1,0
BRDA:115,10,0,0
BRDA:123,11,0,0
BRDA:123,11,1,0
BRDA:127,12,0,0
BRDA:127,12,1,0
BRDA:132,13,0,0
BRDA:132,13,1,0
BRDA:132,14,0,0
BRDA:132,14,1,0
BRDA:137,15,0,0
BRDA:137,15,1,0
BRDA:143,16,0,0
BRDA:146,17,0,0
BRDA:149,18,0,0
BRDA:149,18,1,0
BRF:35
BRH:0
end_of_record
TN:
SF:src/app/(dashboard)/admin/page.tsx
FN:44,AdminDashboardPage
FN:54,(anonymous_5)
FN:64,(anonymous_6)
FN:65,(anonymous_7)
FN:66,(anonymous_8)
FN:67,(anonymous_9)
FN:68,(anonymous_10)
FN:69,(anonymous_11)
FN:79,(anonymous_12)
FN:80,(anonymous_13)
FN:88,(anonymous_14)
FN:89,(anonymous_15)
FN:129,formatTimeAgo
FN:148,AdminDashboardContent
FN:329,(anonymous_18)
FN:347,(anonymous_19)
FN:380,(anonymous_20)
FN:388,(anonymous_21)
FN:396,(anonymous_22)
FN:404,(anonymous_23)
FN:523,(anonymous_24)
FN:536,(anonymous_25)
FN:584,(anonymous_26)
FN:812,(anonymous_27)
FN:814,(anonymous_28)
FN:858,(anonymous_29)
FN:919,(anonymous_30)
FN:923,(anonymous_31)
FN:979,(anonymous_32)
FN:981,(anonymous_33)
FN:1029,(anonymous_34)
FNF:31
FNH:0
FNDA:0,AdminDashboardPage
FNDA:0,(anonymous_5)
FNDA:0,(anonymous_6)
FNDA:0,(anonymous_7)
FNDA:0,(anonymous_8)
FNDA:0,(anonymous_9)
FNDA:0,(anonymous_10)
FNDA:0,(anonymous_11)
FNDA:0,(anonymous_12)
FNDA:0,(anonymous_13)
FNDA:0,(anonymous_14)
FNDA:0,(anonymous_15)
FNDA:0,formatTimeAgo
FNDA:0,AdminDashboardContent
FNDA:0,(anonymous_18)
FNDA:0,(anonymous_19)
FNDA:0,(anonymous_20)
FNDA:0,(anonymous_21)
FNDA:0,(anonymous_22)
FNDA:0,(anonymous_23)
FNDA:0,(anonymous_24)
FNDA:0,(anonymous_25)
FNDA:0,(anonymous_26)
FNDA:0,(anonymous_27)
FNDA:0,(anonymous_28)
FNDA:0,(anonymous_29)
FNDA:0,(anonymous_30)
FNDA:0,(anonymous_31)
FNDA:0,(anonymous_32)
FNDA:0,(anonymous_33)
FNDA:0,(anonymous_34)
DA:3,0
DA:4,0
DA:5,0
DA:6,0
DA:7,0
DA:8,0
DA:9,0
DA:10,0
DA:25,0
DA:42,0
DA:44,0
DA:45,0
DA:46,0
DA:47,0
DA:49,0
DA:50,0
DA:51,0
DA:54,0
DA:64,0
DA:65,0
DA:66,0
DA:67,0
DA:68,0
DA:69,0
DA:79,0
DA:80,0
DA:88,0
DA:89,0
DA:91,0
DA:102,0
DA:130,0
DA:131,0
DA:132,0
DA:133,0
DA:134,0
DA:136,0
DA:137,0
DA:138,0
DA:139,0
DA:140,0
DA:141,0
DA:143,0
DA:148,0
DA:330,0
DA:348,0
DA:380,0
DA:388,0
DA:396,0
DA:404,0
DA:523,0
DA:536,0
DA:585,0
DA:812,0
DA:815,0
DA:859,0
DA:919,0
DA:923,0
DA:979,0
DA:982,0
DA:1030,0
LF:60
LH:0
BRDA:49,0,0,0
BRDA:49,0,1,0
BRDA:50,1,0,0
BRDA:50,1,1,0
BRDA:51,2,0,0
BRDA:51,2,1,0
BRDA:54,3,0,0
BRDA:54,3,1,0
BRDA:64,4,0,0
BRDA:64,4,1,0
BRDA:65,5,0,0
BRDA:65,5,1,0
BRDA:66,6,0,0
BRDA:66,6,1,0
BRDA:67,7,0,0
BRDA:67,7,1,0
BRDA:68,8,0,0
BRDA:68,8,1,0
BRDA:69,9,0,0
BRDA:69,9,1,0
BRDA:80,10,0,0
BRDA:80,10,1,0
BRDA:83,11,0,0
BRDA:83,11,1,0
BRDA:89,12,0,0
BRDA:89,12,1,0
BRDA:91,13,0,0
BRDA:91,13,1,0
BRDA:102,14,0,0
BRDA:102,14,1,0
BRDA:102,15,0,0
BRDA:102,15,1,0
BRDA:136,16,0,0
BRDA:136,16,1,0
BRDA:137,17,0,0
BRDA:137,17,1,0
BRDA:138,18,0,0
BRDA:138,18,1,0
BRDA:139,19,0,0
BRDA:139,19,1,0
BRDA:140,20,0,0
BRDA:140,20,1,0
BRDA:141,21,0,0
BRDA:141,21,1,0
BRDA:241,22,0,0
BRDA:241,22,1,0
BRDA:350,23,0,0
BRDA:351,24,0,0
BRDA:352,25,0,0
BRDA:353,26,0,0
BRDA:378,27,0,0
BRDA:378,27,1,0
BRDA:386,28,0,0
BRDA:386,28,1,0
BRDA:394,29,0,0
BRDA:394,29,1,0
BRDA:402,30,0,0
BRDA:402,30,1,0
BRDA:411,31,0,0
BRDA:504,32,0,0
BRDA:523,33,0,0
BRDA:523,33,1,0
BRDA:535,34,0,0
BRDA:535,34,1,0
BRDA:536,35,0,0
BRDA:536,35,1,0
BRDA:552,36,0,0
BRDA:577,37,0,0
BRDA:576,38,0,0
BRDA:576,38,1,0
BRDA:612,39,0,0
BRDA:637,40,0,0
BRDA:657,41,0,0
BRDA:657,41,1,0
BRDA:669,42,0,0
BRDA:669,42,1,0
BRDA:721,43,0,0
BRDA:730,44,0,0
BRDA:730,44,1,0
BRDA:731,45,0,0
BRDA:731,45,1,0
BRDA:896,46,0,0
BRDA:896,46,1,0
BRDA:908,47,0,0
BRDA:908,47,1,0
BRDA:919,48,0,0
BRDA:919,48,1,0
BRDA:922,49,0,0
BRDA:922,49,1,0
BRDA:923,50,0,0
BRDA:923,50,1,0
BRDA:1029,51,0,0
BRDA:1029,51,1,0
BRDA:1033,52,0,0
BRDA:1033,52,1,0
BRDA:1036,53,0,0
BRDA:1036,53,1,0
BRDA:1041,54,0,0
BRDA:1041,54,1,0
BRDA:1041,55,0,0
BRDA:1041,55,1,0
BRDA:1093,56,0,0
BRDA:1093,56,1,0
BRF:103
BRH:0
end_of_record
TN:
SF:src/app/(dashboard)/admin/analytics/page.tsx
FN:11,AdminAnalyticsPage
FN:136,(anonymous_3)
FN:156,(anonymous_4)
FN:186,(anonymous_5)
FN:214,(anonymous_6)
FN:244,(anonymous_7)
FNF:6
FNH:0
FNDA:0,AdminAnalyticsPage
FNDA:0,(anonymous_3)
FNDA:0,(anonymous_4)
FNDA:0,(anonymous_5)
FNDA:0,(anonymous_6)
FNDA:0,(anonymous_7)
DA:3,0
DA:4,0
DA:5,0
DA:6,0
DA:7,0
DA:8,0
DA:9,0
DA:11,0
DA:12,0
DA:13,0
DA:14,0
DA:15,0
DA:17,0
DA:22,0
DA:37,0
DA:137,0
DA:157,0
DA:187,0
DA:192,0
DA:215,0
DA:245,0
LF:21
LH:0
BRDA:15,0,0,0
BRDA:15,0,1,0
BRDA:19,1,0,0
BRDA:19,1,1,0
BRDA:22,2,0,0
BRDA:22,2,1,0
BRDA:37,3,0,0
BRDA:37,3,1,0
BRDA:95,4,0,0
BRDA:95,4,1,0
BRDA:166,5,0,0
BRDA:166,5,1,0
BRDA:187,6,0,0
BRDA:187,6,1,0
BRDA:188,7,0,0
BRDA:188,7,1,0
BRDA:189,8,0,0
BRDA:189,8,1,0
BRDA:190,9,0,0
BRDA:190,9,1,0
BRDA:236,10,0,0
BRF:21
BRH:0
end_of_record
TN:
SF:src/app/(dashboard)/admin/settings/page.tsx
FN:40,AdminSettingsPage
FN:70,(anonymous_5)
FN:148,(anonymous_6)
FN:206,(anonymous_7)
FN:220,(anonymous_8)
FN:223,(anonymous_9)
FN:245,(anonymous_10)
FN:314,(anonymous_11)
FN:344,(anonymous_12)
FN:345,(anonymous_13)
FN:361,(anonymous_14)
FN:361,(anonymous_15)
FN:364,(anonymous_16)
FN:374,(anonymous_17)
FN:374,(anonymous_18)
FN:387,(anonymous_19)
FN:387,(anonymous_20)
FN:400,(anonymous_21)
FN:401,(anonymous_22)
FN:412,(anonymous_23)
FN:412,(anonymous_24)
FN:420,(anonymous_25)
FN:420,(anonymous_26)
FN:432,(anonymous_27)
FN:464,(anonymous_28)
FN:465,(anonymous_29)
FN:473,(anonymous_30)
FN:473,(anonymous_31)
FN:490,(anonymous_32)
FN:490,(anonymous_33)
FN:504,(anonymous_34)
FN:505,(anonymous_35)
FN:518,(anonymous_36)
FN:519,(anonymous_37)
FN:532,(anonymous_38)
FN:533,(anonymous_39)
FN:541,(anonymous_40)
FN:573,(anonymous_41)
FN:574,(anonymous_42)
FN:587,(anonymous_43)
FN:588,(anonymous_44)
FN:597,(anonymous_45)
FN:597,(anonymous_46)
FN:613,(anonymous_47)
FN:614,(anonymous_48)
FN:627,(anonymous_49)
FN:628,(anonymous_50)
FN:641,(anonymous_51)
FN:642,(anonymous_52)
FN:650,(anonymous_53)
FN:682,(anonymous_54)
FN:683,(anonymous_55)
FN:696,(anonymous_56)
FN:697,(anonymous_57)
FN:710,(anonymous_58)
FN:711,(anonymous_59)
FN:722,(anonymous_60)
FN:722,(anonymous_61)
FN:730,(anonymous_62)
FN:730,(anonymous_63)
FN:742,(anonymous_64)
FN:743,(anonymous_65)
FN:751,(anonymous_66)
FNF:63
FNH:1
FNDA:25,AdminSettingsPage
FNDA:0,(anonymous_5)
FNDA:0,(anonymous_6)
FNDA:0,(anonymous_7)
FNDA:0,(anonymous_8)
FNDA:0,(anonymous_9)
FNDA:0,(anonymous_10)
FNDA:0,(anonymous_11)
FNDA:0,(anonymous_12)
FNDA:0,(anonymous_13)
FNDA:0,(anonymous_14)
FNDA:0,(anonymous_15)
FNDA:0,(anonymous_16)
FNDA:0,(anonymous_17)
FNDA:0,(anonymous_18)
FNDA:0,(anonymous_19)
FNDA:0,(anonymous_20)
FNDA:0,(anonymous_21)
FNDA:0,(anonymous_22)
FNDA:0,(anonymous_23)
FNDA:0,(anonymous_24)
FNDA:0,(anonymous_25)
FNDA:0,(anonymous_26)
FNDA:0,(anonymous_27)
FNDA:0,(anonymous_28)
FNDA:0,(anonymous_29)
FNDA:0,(anonymous_30)
FNDA:0,(anonymous_31)
FNDA:0,(anonymous_32)
FNDA:0,(anonymous_33)
FNDA:0,(anonymous_34)
FNDA:0,(anonymous_35)
FNDA:0,(anonymous_36)
FNDA:0,(anonymous_37)
FNDA:0,(anonymous_38)
FNDA:0,(anonymous_39)
FNDA:0,(anonymous_40)
FNDA:0,(anonymous_41)
FNDA:0,(anonymous_42)
FNDA:0,(anonymous_43)
FNDA:0,(anonymous_44)
FNDA:0,(anonymous_45)
FNDA:0,(anonymous_46)
FNDA:0,(anonymous_47)
FNDA:0,(anonymous_48)
FNDA:0,(anonymous_49)
FNDA:0,(anonymous_50)
FNDA:0,(anonymous_51)
FNDA:0,(anonymous_52)
FNDA:0,(anonymous_53)
FNDA:0,(anonymous_54)
FNDA:0,(anonymous_55)
FNDA:0,(anonymous_56)
FNDA:0,(anonymous_57)
FNDA:0,(anonymous_58)
FNDA:0,(anonymous_59)
FNDA:0,(anonymous_60)
FNDA:0,(anonymous_61)
FNDA:0,(anonymous_62)
FNDA:0,(anonymous_63)
FNDA:0,(anonymous_64)
FNDA:0,(anonymous_65)
FNDA:0,(anonymous_66)
DA:3,1
DA:4,1
DA:5,1
DA:6,1
DA:7,1
DA:8,1
DA:9,1
DA:10,1
DA:11,1
DA:12,1
DA:14,1
DA:15,1
DA:16,1
DA:17,1
DA:38,1
DA:40,6
DA:41,25
DA:42,25
DA:43,25
DA:45,25
DA:46,0
DA:49,0
DA:60,0
DA:70,0
DA:71,0
DA:72,0
DA:82,0
DA:90,0
DA:98,0
DA:109,0
DA:118,0
DA:127,0
DA:128,0
DA:130,0
DA:131,0
DA:133,0
DA:148,0
DA:149,0
DA:150,0
DA:151,0
DA:153,0
DA:156,0
DA:157,0
DA:166,0
DA:167,0
DA:175,0
DA:176,0
DA:184,0
DA:185,0
DA:195,0
DA:200,0
DA:206,0
DA:207,0
DA:210,0
DA:216,0
DA:220,0
DA:221,0
DA:222,0
DA:223,0
DA:224,0
DA:229,0
DA:235,0
DA:245,0
DA:314,0
DA:345,0
DA:361,0
DA:364,0
DA:374,0
DA:387,0
DA:401,0
DA:412,0
DA:420,0
DA:432,0
DA:465,0
DA:473,0
DA:490,0
DA:505,0
DA:519,0
DA:533,0
DA:541,0
DA:574,0
DA:588,0
DA:597,0
DA:614,0
DA:628,0
DA:642,0
DA:650,0
DA:683,0
DA:697,0
DA:711,0
DA:722,0
DA:730,0
DA:743,0
DA:751,0
LF:94
LH:20
BRDA:71,0,0,0
BRDA:71,0,1,0
BRDA:73,1,0,0
BRDA:73,1,1,0
BRDA:75,2,0,0
BRDA:75,2,1,0
BRDA:76,3,0,0
BRDA:76,3,1,0
BRDA:77,4,0,0
BRDA:77,4,1,0
BRDA:78,5,0,0
BRDA:78,5,1,0
BRDA:79,6,0,0
BRDA:79,6,1,0
BRDA:80,7,0,0
BRDA:80,7,1,0
BRDA:83,8,0,0
BRDA:83,8,1,0
BRDA:84,9,0,0
BRDA:84,9,1,0
BRDA:85,10,0,0
BRDA:85,10,1,0
BRDA:86,11,0,0
BRDA:86,11,1,0
BRDA:87,12,0,0
BRDA:87,12,1,0
BRDA:88,13,0,0
BRDA:88,13,1,0
BRDA:91,14,0,0
BRDA:91,14,1,0
BRDA:92,15,0,0
BRDA:92,15,1,0
BRDA:93,16,0,0
BRDA:93,16,1,0
BRDA:94,17,0,0
BRDA:94,17,1,0
BRDA:95,18,0,0
BRDA:95,18,1,0
BRDA:96,19,0,0
BRDA:96,19,1,0
BRDA:99,20,0,0
BRDA:99,20,1,0
BRDA:100,21,0,0
BRDA:100,21,1,0
BRDA:101,22,0,0
BRDA:101,22,1,0
BRDA:102,23,0,0
BRDA:102,23,1,0
BRDA:103,24,0,0
BRDA:103,24,1,0
BRDA:104,25,0,0
BRDA:104,25,1,0
BRDA:131,26,0,0
BRDA:131,26,1,0
BRDA:133,27,0,0
BRDA:133,27,1,0
BRDA:151,28,0,0
BRDA:151,28,1,0
BRDA:156,29,0,0
BRDA:156,29,1,0
BRDA:166,30,0,0
BRDA:166,30,1,0
BRDA:175,31,0,0
BRDA:175,31,1,0
BRDA:184,32,0,0
BRDA:184,32,1,0
BRDA:315,33,0,0
BRDA:350,34,0,0
BRDA:405,35,0,0
BRDA:433,36,0,0
BRDA:542,37,0,0
BRDA:592,38,0,0
BRDA:651,39,0,0
BRDA:752,40,0,0
BRF:74
BRH:0
end_of_record
TN:
SF:src/app/(dashboard)/admin/support/page.tsx
FN:36,AdminSupportPage
FN:76,(anonymous_5)
FN:83,(anonymous_6)
FN:88,(anonymous_7)
FN:93,(anonymous_8)
FN:99,(anonymous_9)
FN:110,(anonymous_10)
FN:152,(anonymous_11)
FN:182,(anonymous_12)
FN:209,(anonymous_13)
FN:238,(anonymous_14)
FN:254,(anonymous_15)
FN:324,(anonymous_16)
FN:335,(anonymous_17)
FN:346,(anonymous_18)
FN:360,(anonymous_19)
FN:378,(anonymous_20)
FN:431,(anonymous_21)
FN:444,(anonymous_22)
FN:476,(anonymous_23)
FN:483,(anonymous_24)
FN:499,(anonymous_25)
FN:520,(anonymous_26)
FN:525,(anonymous_27)
FN:589,(anonymous_28)
FN:596,(anonymous_29)
FN:603,(anonymous_30)
FN:610,(anonymous_31)
FN:617,(anonymous_32)
FN:636,(anonymous_33)
FNF:30
FNH:0
FNDA:0,AdminSupportPage
FNDA:0,(anonymous_5)
FNDA:0,(anonymous_6)
FNDA:0,(anonymous_7)
FNDA:0,(anonymous_8)
FNDA:0,(anonymous_9)
FNDA:0,(anonymous_10)
FNDA:0,(anonymous_11)
FNDA:0,(anonymous_12)
FNDA:0,(anonymous_13)
FNDA:0,(anonymous_14)
FNDA:0,(anonymous_15)
FNDA:0,(anonymous_16)
FNDA:0,(anonymous_17)
FNDA:0,(anonymous_18)
FNDA:0,(anonymous_19)
FNDA:0,(anonymous_20)
FNDA:0,(anonymous_21)
FNDA:0,(anonymous_22)
FNDA:0,(anonymous_23)
FNDA:0,(anonymous_24)
FNDA:0,(anonymous_25)
FNDA:0,(anonymous_26)
FNDA:0,(anonymous_27)
FNDA:0,(anonymous_28)
FNDA:0,(anonymous_29)
FNDA:0,(anonymous_30)
FNDA:0,(anonymous_31)
FNDA:0,(anonymous_32)
FNDA:0,(anonymous_33)
DA:3,0
DA:4,0
DA:5,0
DA:6,0
DA:7,0
DA:8,0
DA:9,0
DA:10,0
DA:11,0
DA:12,0
DA:13,0
DA:14,0
DA:15,0
DA:16,0
DA:17,0
DA:18,0
DA:34,0
DA:36,0
DA:37,0
DA:38,0
DA:39,0
DA:42,0
DA:43,0
DA:44,0
DA:45,0
DA:46,0
DA:47,0
DA:48,0
DA:51,0
DA:58,0
DA:60,0
DA:61,0
DA:64,0
DA:70,0
DA:71,0
DA:72,0
DA:73,0
DA:76,0
DA:77,0
DA:79,0
DA:82,0
DA:83,0
DA:87,0
DA:88,0
DA:92,0
DA:93,0
DA:97,0
DA:98,0
DA:99,0
DA:100,0
DA:106,0
DA:110,0
DA:111,0
DA:112,0
DA:117,0
DA:120,0
DA:121,0
DA:129,0
DA:135,0
DA:136,0
DA:143,0
DA:152,0
DA:153,0
DA:155,0
DA:156,0
DA:163,0
DA:164,0
DA:167,0
DA:173,0
DA:182,0
DA:183,0
DA:185,0
DA:186,0
DA:192,0
DA:198,0
DA:200,0
DA:209,0
DA:210,0
DA:212,0
DA:214,0
DA:215,0
DA:220,0
DA:226,0
DA:227,0
DA:229,0
DA:238,0
DA:239,0
DA:254,0
DA:255,0
DA:269,0
DA:284,0
DA:324,0
DA:335,0
DA:346,0
DA:360,0
DA:378,0
DA:432,0
DA:445,0
DA:446,0
DA:476,0
DA:483,0
DA:499,0
DA:520,0
DA:525,0
DA:589,0
DA:596,0
DA:603,0
DA:610,0
DA:617,0
DA:636,0
LF:110
LH:0
BRDA:61,0,0,0
BRDA:61,0,1,0
BRDA:66,1,0,0
BRDA:66,1,1,0
BRDA:77,2,0,0
BRDA:77,2,1,0
BRDA:82,3,0,0
BRDA:82,3,1,0
BRDA:87,4,0,0
BRDA:87,4,1,0
BRDA:92,5,0,0
BRDA:92,5,1,0
BRDA:97,6,0,0
BRDA:97,6,1,0
BRDA:100,7,0,0
BRDA:100,7,1,0
BRDA:100,7,2,0
BRDA:111,8,0,0
BRDA:111,8,1,0
BRDA:111,9,0,0
BRDA:111,9,1,0
BRDA:111,9,2,0
BRDA:145,10,0,0
BRDA:145,10,1,0
BRDA:153,11,0,0
BRDA:153,11,1,0
BRDA:163,12,0,0
BRDA:163,12,1,0
BRDA:163,13,0,0
BRDA:163,13,1,0
BRDA:175,14,0,0
BRDA:175,14,1,0
BRDA:183,15,0,0
BRDA:183,15,1,0
BRDA:183,16,0,0
BRDA:183,16,1,0
BRDA:183,16,2,0
BRDA:202,17,0,0
BRDA:202,17,1,0
BRDA:210,18,0,0
BRDA:210,18,1,0
BRDA:212,19,0,0
BRDA:212,19,1,0
BRDA:231,20,0,0
BRDA:231,20,1,0
BRDA:269,21,0,0
BRDA:269,21,1,0
BRDA:284,22,0,0
BRDA:284,22,1,0
BRDA:414,23,0,0
BRDA:539,24,0,0
BRDA:582,25,0,0
BRDA:588,26,0,0
BRDA:588,26,1,0
BRDA:595,27,0,0
BRDA:595,27,1,0
BRDA:602,28,0,0
BRDA:602,28,1,0
BRDA:609,29,0,0
BRDA:609,29,1,0
BRDA:628,30,0,0
BRDA:628,30,1,0
BRF:62
BRH:0
end_of_record
TN:
SF:src/app/(dashboard)/admin/universities/page.tsx
FN:35,AdminUniversitiesPage
FN:60,(anonymous_5)
FN:64,(anonymous_6)
FN:67,(anonymous_7)
FN:71,(anonymous_8)
FN:79,(anonymous_9)
FN:81,(anonymous_10)
FN:132,(anonymous_11)
FN:155,(anonymous_12)
FN:186,(anonymous_13)
FN:192,(anonymous_14)
FN:201,(anonymous_15)
FN:223,(anonymous_16)
FN:264,(anonymous_17)
FN:277,(anonymous_18)
FN:279,(anonymous_19)
FN:291,(anonymous_20)
FN:322,(anonymous_21)
FN:365,(anonymous_22)
FN:368,(anonymous_23)
FN:382,(anonymous_24)
FN:401,(anonymous_25)
FN:411,(anonymous_26)
FN:415,(anonymous_27)
FN:420,(anonymous_28)
FN:435,(anonymous_29)
FN:440,(anonymous_30)
FN:456,(anonymous_31)
FN:466,(anonymous_32)
FN:488,(anonymous_33)
FN:496,(anonymous_34)
FN:503,(anonymous_35)
FN:518,(anonymous_36)
FN:525,(anonymous_37)
FN:539,(anonymous_38)
FN:545,(anonymous_39)
FN:564,(anonymous_40)
FN:572,(anonymous_41)
FN:582,(anonymous_42)
FN:591,(anonymous_43)
FNF:40
FNH:0
FNDA:0,AdminUniversitiesPage
FNDA:0,(anonymous_5)
FNDA:0,(anonymous_6)
FNDA:0,(anonymous_7)
FNDA:0,(anonymous_8)
FNDA:0,(anonymous_9)
FNDA:0,(anonymous_10)
FNDA:0,(anonymous_11)
FNDA:0,(anonymous_12)
FNDA:0,(anonymous_13)
FNDA:0,(anonymous_14)
FNDA:0,(anonymous_15)
FNDA:0,(anonymous_16)
FNDA:0,(anonymous_17)
FNDA:0,(anonymous_18)
FNDA:0,(anonymous_19)
FNDA:0,(anonymous_20)
FNDA:0,(anonymous_21)
FNDA:0,(anonymous_22)
FNDA:0,(anonymous_23)
FNDA:0,(anonymous_24)
FNDA:0,(anonymous_25)
FNDA:0,(anonymous_26)
FNDA:0,(anonymous_27)
FNDA:0,(anonymous_28)
FNDA:0,(anonymous_29)
FNDA:0,(anonymous_30)
FNDA:0,(anonymous_31)
FNDA:0,(anonymous_32)
FNDA:0,(anonymous_33)
FNDA:0,(anonymous_34)
FNDA:0,(anonymous_35)
FNDA:0,(anonymous_36)
FNDA:0,(anonymous_37)
FNDA:0,(anonymous_38)
FNDA:0,(anonymous_39)
FNDA:0,(anonymous_40)
FNDA:0,(anonymous_41)
FNDA:0,(anonymous_42)
FNDA:0,(anonymous_43)
DA:3,0
DA:4,0
DA:5,0
DA:6,0
DA:7,0
DA:8,0
DA:9,0
DA:10,0
DA:11,0
DA:12,0
DA:13,0
DA:14,0
DA:15,0
DA:16,0
DA:35,0
DA:36,0
DA:37,0
DA:38,0
DA:39,0
DA:40,0
DA:41,0
DA:44,0
DA:50,0
DA:56,0
DA:57,0
DA:58,0
DA:60,0
DA:61,0
DA:64,0
DA:65,0
DA:66,0
DA:67,0
DA:71,0
DA:72,0
DA:79,0
DA:80,0
DA:81,0
DA:82,0
DA:83,0
DA:84,0
DA:85,0
DA:89,0
DA:90,0
DA:91,0
DA:101,0
DA:102,0
DA:103,0
DA:120,0
DA:121,0
DA:122,0
DA:132,0
DA:133,0
DA:134,0
DA:135,0
DA:136,0
DA:147,0
DA:149,0
DA:151,0
DA:155,0
DA:156,0
DA:157,0
DA:158,0
DA:159,0
DA:170,0
DA:178,0
DA:180,0
DA:182,0
DA:186,0
DA:187,0
DA:188,0
DA:189,0
DA:191,0
DA:192,0
DA:194,0
DA:195,0
DA:196,0
DA:199,0
DA:201,0
DA:206,0
DA:211,0
DA:214,0
DA:216,0
DA:217,0
DA:219,0
DA:223,0
DA:224,0
DA:228,0
DA:231,0
DA:232,0
DA:233,0
DA:248,0
DA:264,0
DA:277,0
DA:279,0
DA:291,0
DA:323,0
DA:365,0
DA:369,0
DA:370,0
DA:382,0
DA:401,0
DA:411,0
DA:415,0
DA:420,0
DA:435,0
DA:440,0
DA:456,0
DA:466,0
DA:488,0
DA:496,0
DA:503,0
DA:518,0
DA:525,0
DA:539,0
DA:545,0
DA:564,0
DA:572,0
DA:582,0
DA:591,0
LF:119
LH:0
BRDA:46,0,0,0
BRDA:46,0,1,0
BRDA:52,1,0,0
BRDA:52,1,1,0
BRDA:61,2,0,0
BRDA:61,2,1,0
BRDA:65,3,0,0
BRDA:65,3,1,0
BRDA:67,4,0,0
BRDA:67,4,1,0
BRDA:82,5,0,0
BRDA:82,5,1,0
BRDA:82,5,2,0
BRDA:83,6,0,0
BRDA:83,6,1,0
BRDA:84,7,0,0
BRDA:84,7,1,0
BRDA:85,8,0,0
BRDA:85,8,1,0
BRDA:85,8,2,0
BRDA:133,9,0,0
BRDA:133,9,1,0
BRDA:133,10,0,0
BRDA:133,10,1,0
BRDA:156,11,0,0
BRDA:156,11,1,0
BRDA:156,12,0,0
BRDA:156,12,1,0
BRDA:165,13,0,0
BRDA:165,13,1,0
BRDA:187,14,0,0
BRDA:187,14,1,0
BRDA:187,15,0,0
BRDA:187,15,1,0
BRDA:194,16,0,0
BRDA:194,16,1,0
BRDA:201,17,0,0
BRDA:201,17,1,0
BRDA:232,18,0,0
BRDA:232,18,1,0
BRDA:233,19,0,0
BRDA:233,19,1,0
BRDA:248,20,0,0
BRDA:248,20,1,0
BRDA:337,21,0,0
BRDA:337,21,1,0
BRDA:343,22,0,0
BRDA:344,23,0,0
BRDA:348,24,0,0
BRDA:348,24,1,0
BRDA:385,25,0,0
BRDA:388,26,0,0
BRDA:401,27,0,0
BRDA:401,27,1,0
BRDA:408,28,0,0
BRDA:435,29,0,0
BRDA:435,29,1,0
BRDA:455,30,0,0
BRDA:455,30,1,0
BRDA:468,31,0,0
BRDA:468,31,1,0
BRDA:518,32,0,0
BRDA:518,32,1,0
BRDA:548,33,0,0
BRDA:548,33,1,0
BRDA:548,33,2,0
BRDA:550,34,0,0
BRDA:550,34,1,0
BRDA:594,35,0,0
BRDA:594,35,1,0
BRDA:596,36,0,0
BRDA:596,36,1,0
BRF:72
BRH:0
end_of_record
TN:
SF:src/app/(dashboard)/admin/universities/[id]/page.tsx
FN:41,UniversityDetailPage
FN:67,(anonymous_5)
FN:87,(anonymous_6)
FN:88,(anonymous_7)
FN:89,(anonymous_8)
FN:127,(anonymous_9)
FN:224,(anonymous_10)
FN:305,(anonymous_11)
FN:310,(anonymous_12)
FN:340,(anonymous_13)
FN:341,(anonymous_14)
FN:390,(anonymous_15)
FNF:12
FNH:0
FNDA:0,UniversityDetailPage
FNDA:0,(anonymous_5)
FNDA:0,(anonymous_6)
FNDA:0,(anonymous_7)
FNDA:0,(anonymous_8)
FNDA:0,(anonymous_9)
FNDA:0,(anonymous_10)
FNDA:0,(anonymous_11)
FNDA:0,(anonymous_12)
FNDA:0,(anonymous_13)
FNDA:0,(anonymous_14)
FNDA:0,(anonymous_15)
DA:3,0
DA:4,0
DA:5,0
DA:6,0
DA:7,0
DA:8,0
DA:10,0
DA:11,0
DA:12,0
DA:13,0
DA:14,0
DA:15,0
DA:17,0
DA:18,0
DA:19,0
DA:39,0
DA:41,0
DA:42,0
DA:43,0
DA:44,0
DA:45,0
DA:46,0
DA:48,0
DA:49,0
DA:50,0
DA:51,0
DA:52,0
DA:55,0
DA:61,0
DA:67,0
DA:68,0
DA:69,0
DA:71,0
DA:72,0
DA:73,0
DA:74,0
DA:76,0
DA:77,0
DA:78,0
DA:83,0
DA:87,0
DA:88,0
DA:89,0
DA:91,0
DA:92,0
DA:94,0
DA:109,0
DA:127,0
DA:224,0
DA:305,0
DA:310,0
DA:340,0
DA:342,0
DA:391,0
LF:54
LH:0
BRDA:57,0,0,0
BRDA:57,0,1,0
BRDA:63,1,0,0
BRDA:63,1,1,0
BRDA:63,2,0,0
BRDA:63,2,1,0
BRDA:67,3,0,0
BRDA:67,3,1,0
BRDA:68,4,0,0
BRDA:68,4,1,0
BRDA:68,5,0,0
BRDA:68,5,1,0
BRDA:68,5,2,0
BRDA:68,6,0,0
BRDA:68,6,1,0
BRDA:71,7,0,0
BRDA:71,7,1,0
BRDA:73,8,0,0
BRDA:73,8,1,0
BRDA:73,9,0,0
BRDA:73,9,1,0
BRDA:74,10,0,0
BRDA:74,10,1,0
BRDA:74,11,0,0
BRDA:74,11,1,0
BRDA:76,12,0,0
BRDA:76,12,1,0
BRDA:79,13,0,0
BRDA:79,13,1,0
BRDA:87,14,0,0
BRDA:87,14,1,0
BRDA:88,15,0,0
BRDA:88,15,1,0
BRDA:92,16,0,0
BRDA:92,16,1,0
BRDA:94,17,0,0
BRDA:94,17,1,0
BRDA:109,18,0,0
BRDA:109,18,1,0
BRDA:109,19,0,0
BRDA:109,19,1,0
BRDA:139,20,0,0
BRDA:243,21,0,0
BRDA:243,21,1,0
BRDA:258,22,0,0
BRDA:258,22,1,0
BRDA:323,23,0,0
BRDA:346,24,0,0
BRDA:346,24,1,0
BRDA:346,25,0,0
BRDA:346,25,1,0
BRDA:355,26,0,0
BRDA:355,26,1,0
BRDA:374,27,0,0
BRDA:395,28,0,0
BRDA:395,28,1,0
BRDA:395,29,0,0
BRDA:395,29,1,0
BRF:58
BRH:0
end_of_record
TN:
SF:src/app/(dashboard)/admin/users/page.tsx
FN:33,AdminUsersPage
FN:57,(anonymous_5)
FN:60,(anonymous_6)
FN:62,(anonymous_7)
FN:66,(anonymous_8)
FN:68,(anonymous_9)
FN:93,(anonymous_10)
FN:119,(anonymous_11)
FN:124,(anonymous_12)
FN:175,(anonymous_13)
FN:189,(anonymous_14)
FN:191,(anonymous_15)
FN:206,(anonymous_16)
FN:212,(anonymous_17)
FN:219,(anonymous_18)
FN:232,(anonymous_19)
FN:267,(anonymous_20)
FN:296,(anonymous_21)
FN:298,(anonymous_22)
FN:311,(anonymous_23)
FN:321,(anonymous_24)
FN:325,(anonymous_25)
FN:330,(anonymous_26)
FN:347,(anonymous_27)
FN:365,(anonymous_28)
FN:381,(anonymous_29)
FN:398,(anonymous_30)
FN:406,(anonymous_31)
FN:413,(anonymous_32)
FN:426,(anonymous_33)
FNF:30
FNH:0
FNDA:0,AdminUsersPage
FNDA:0,(anonymous_5)
FNDA:0,(anonymous_6)
FNDA:0,(anonymous_7)
FNDA:0,(anonymous_8)
FNDA:0,(anonymous_9)
FNDA:0,(anonymous_10)
FNDA:0,(anonymous_11)
FNDA:0,(anonymous_12)
FNDA:0,(anonymous_13)
FNDA:0,(anonymous_14)
FNDA:0,(anonymous_15)
FNDA:0,(anonymous_16)
FNDA:0,(anonymous_17)
FNDA:0,(anonymous_18)
FNDA:0,(anonymous_19)
FNDA:0,(anonymous_20)
FNDA:0,(anonymous_21)
FNDA:0,(anonymous_22)
FNDA:0,(anonymous_23)
FNDA:0,(anonymous_24)
FNDA:0,(anonymous_25)
FNDA:0,(anonymous_26)
FNDA:0,(anonymous_27)
FNDA:0,(anonymous_28)
FNDA:0,(anonymous_29)
FNDA:0,(anonymous_30)
FNDA:0,(anonymous_31)
FNDA:0,(anonymous_32)
FNDA:0,(anonymous_33)
DA:3,0
DA:4,0
DA:5,0
DA:6,0
DA:7,0
DA:8,0
DA:9,0
DA:10,0
DA:11,0
DA:12,0
DA:13,0
DA:14,0
DA:15,0
DA:33,0
DA:34,0
DA:35,0
DA:36,0
DA:37,0
DA:38,0
DA:39,0
DA:40,0
DA:43,0
DA:49,0
DA:51,0
DA:52,0
DA:55,0
DA:57,0
DA:60,0
DA:61,0
DA:62,0
DA:63,0
DA:66,0
DA:67,0
DA:68,0
DA:70,0
DA:71,0
DA:72,0
DA:73,0
DA:74,0
DA:75,0
DA:79,0
DA:80,0
DA:81,0
DA:84,0
DA:85,0
DA:91,0
DA:93,0
DA:94,0
DA:96,0
DA:97,0
DA:99,0
DA:107,0
DA:108,0
DA:111,0
DA:113,0
DA:115,0
DA:119,0
DA:120,0
DA:121,0
DA:124,0
DA:125,0
DA:126,0
DA:127,0
DA:128,0
DA:138,0
DA:140,0
DA:144,0
DA:145,0
DA:146,0
DA:161,0
DA:175,0
DA:189,0
DA:191,0
DA:206,0
DA:213,0
DA:219,0
DA:232,0
DA:268,0
DA:296,0
DA:298,0
DA:311,0
DA:321,0
DA:325,0
DA:330,0
DA:347,0
DA:365,0
DA:381,0
DA:398,0
DA:406,0
DA:413,0
DA:426,0
LF:91
LH:0
BRDA:45,0,0,0
BRDA:45,0,1,0
BRDA:57,1,0,0
BRDA:57,1,1,0
BRDA:61,2,0,0
BRDA:61,2,1,0
BRDA:61,3,0,0
BRDA:61,3,1,0
BRDA:63,4,0,0
BRDA:63,4,1,0
BRDA:70,5,0,0
BRDA:70,5,1,0
BRDA:70,5,2,0
BRDA:70,5,3,0
BRDA:70,6,0,0
BRDA:70,6,1,0
BRDA:71,7,0,0
BRDA:71,7,1,0
BRDA:72,8,0,0
BRDA:72,8,1,0
BRDA:73,9,0,0
BRDA:73,9,1,0
BRDA:74,10,0,0
BRDA:74,10,1,0
BRDA:75,11,0,0
BRDA:75,11,1,0
BRDA:75,11,2,0
BRDA:75,11,3,0
BRDA:75,11,4,0
BRDA:94,12,0,0
BRDA:94,12,1,0
BRDA:94,13,0,0
BRDA:94,13,1,0
BRDA:94,13,2,0
BRDA:125,14,0,0
BRDA:125,14,1,0
BRDA:125,15,0,0
BRDA:125,15,1,0
BRDA:146,16,0,0
BRDA:146,16,1,0
BRDA:161,17,0,0
BRDA:161,17,1,0
BRDA:272,18,0,0
BRDA:272,18,1,0
BRDA:272,19,0,0
BRDA:272,19,1,0
BRDA:284,20,0,0
BRDA:284,20,1,0
BRDA:288,21,0,0
BRDA:288,21,1,0
BRDA:298,22,0,0
BRDA:298,22,1,0
BRDA:299,23,0,0
BRDA:299,23,1,0
BRDA:311,24,0,0
BRDA:311,24,1,0
BRDA:318,25,0,0
BRDA:357,26,0,0
BRDA:382,27,0,0
BRDA:382,27,1,0
BRDA:427,28,0,0
BRDA:427,28,1,0
BRDA:427,28,2,0
BRDA:428,29,0,0
BRDA:428,29,1,0
BRF:65
BRH:0
end_of_record
TN:
SF:src/app/(dashboard)/applications/page.tsx
FN:42,ApplicationsPage
FN:68,(anonymous_5)
FN:86,(anonymous_6)
FN:88,(anonymous_7)
FN:109,(anonymous_8)
FN:116,(anonymous_9)
FN:124,(anonymous_10)
FN:132,(anonymous_11)
FN:134,(anonymous_12)
FN:140,(anonymous_13)
FN:141,(anonymous_14)
FN:145,(anonymous_15)
FN:185,(anonymous_16)
FN:196,(anonymous_17)
FN:204,(anonymous_18)
FN:219,(anonymous_19)
FN:243,(anonymous_20)
FN:250,(anonymous_21)
FN:257,(anonymous_22)
FN:264,(anonymous_23)
FN:271,(anonymous_24)
FN:278,(anonymous_25)
FN:291,(anonymous_26)
FN:295,(anonymous_27)
FN:298,(anonymous_28)
FN:302,(anonymous_29)
FN:318,(anonymous_30)
FN:335,(anonymous_31)
FN:351,(anonymous_32)
FN:355,(anonymous_33)
FN:358,(anonymous_34)
FN:362,(anonymous_35)
FN:378,(anonymous_36)
FN:400,(anonymous_37)
FN:402,(anonymous_38)
FN:407,(anonymous_39)
FN:436,(anonymous_40)
FN:445,(anonymous_41)
FN:455,(anonymous_42)
FN:477,(anonymous_43)
FN:486,(anonymous_44)
FN:492,(anonymous_45)
FNF:42
FNH:0
FNDA:0,ApplicationsPage
FNDA:0,(anonymous_5)
FNDA:0,(anonymous_6)
FNDA:0,(anonymous_7)
FNDA:0,(anonymous_8)
FNDA:0,(anonymous_9)
FNDA:0,(anonymous_10)
FNDA:0,(anonymous_11)
FNDA:0,(anonymous_12)
FNDA:0,(anonymous_13)
FNDA:0,(anonymous_14)
FNDA:0,(anonymous_15)
FNDA:0,(anonymous_16)
FNDA:0,(anonymous_17)
FNDA:0,(anonymous_18)
FNDA:0,(anonymous_19)
FNDA:0,(anonymous_20)
FNDA:0,(anonymous_21)
FNDA:0,(anonymous_22)
FNDA:0,(anonymous_23)
FNDA:0,(anonymous_24)
FNDA:0,(anonymous_25)
FNDA:0,(anonymous_26)
FNDA:0,(anonymous_27)
FNDA:0,(anonymous_28)
FNDA:0,(anonymous_29)
FNDA:0,(anonymous_30)
FNDA:0,(anonymous_31)
FNDA:0,(anonymous_32)
FNDA:0,(anonymous_33)
FNDA:0,(anonymous_34)
FNDA:0,(anonymous_35)
FNDA:0,(anonymous_36)
FNDA:0,(anonymous_37)
FNDA:0,(anonymous_38)
FNDA:0,(anonymous_39)
FNDA:0,(anonymous_40)
FNDA:0,(anonymous_41)
FNDA:0,(anonymous_42)
FNDA:0,(anonymous_43)
FNDA:0,(anonymous_44)
FNDA:0,(anonymous_45)
DA:3,0
DA:4,0
DA:5,0
DA:12,0
DA:20,0
DA:21,0
DA:22,0
DA:23,0
DA:24,0
DA:25,0
DA:26,0
DA:27,0
DA:42,0
DA:43,0
DA:44,0
DA:45,0
DA:46,0
DA:47,0
DA:50,0
DA:53,0
DA:55,0
DA:56,0
DA:64,0
DA:65,0
DA:68,0
DA:69,0
DA:70,0
DA:72,0
DA:77,0
DA:81,0
DA:82,0
DA:83,0
DA:86,0
DA:87,0
DA:88,0
DA:109,0
DA:110,0
DA:113,0
DA:114,0
DA:115,0
DA:117,0
DA:123,0
DA:124,0
DA:127,0
DA:131,0
DA:133,0
DA:134,0
DA:139,0
DA:141,0
DA:145,0
DA:146,0
DA:147,0
DA:148,0
DA:149,0
DA:150,0
DA:159,0
DA:166,0
DA:169,0
DA:185,0
DA:196,0
DA:204,0
DA:219,0
DA:243,0
DA:250,0
DA:257,0
DA:264,0
DA:271,0
DA:278,0
DA:292,0
DA:299,0
DA:300,0
DA:303,0
DA:304,0
DA:315,0
DA:316,0
DA:319,0
DA:320,0
DA:336,0
DA:352,0
DA:359,0
DA:360,0
DA:363,0
DA:364,0
DA:375,0
DA:376,0
DA:379,0
DA:380,0
DA:402,0
DA:403,0
DA:408,0
DA:409,0
DA:414,0
DA:415,0
DA:436,0
DA:446,0
DA:456,0
DA:477,0
DA:486,0
DA:492,0
LF:99
LH:0
BRDA:69,0,0,0
BRDA:69,0,1,0
BRDA:79,1,0,0
BRDA:79,1,1,0
BRDA:87,2,0,0
BRDA:87,2,1,0
BRDA:90,3,0,0
BRDA:90,3,1,0
BRDA:91,4,0,0
BRDA:91,4,1,0
BRDA:92,5,0,0
BRDA:92,5,1,0
BRDA:93,6,0,0
BRDA:93,6,1,0
BRDA:94,7,0,0
BRDA:94,7,1,0
BRDA:96,8,0,0
BRDA:96,8,1,0
BRDA:100,9,0,0
BRDA:100,9,1,0
BRDA:103,10,0,0
BRDA:103,10,1,0
BRDA:104,11,0,0
BRDA:104,11,1,0
BRDA:113,12,0,0
BRDA:113,12,1,0
BRDA:117,13,0,0
BRDA:117,13,1,0
BRDA:123,14,0,0
BRDA:123,14,1,0
BRDA:134,15,0,0
BRDA:134,15,1,0
BRDA:141,16,0,0
BRDA:141,16,1,0
BRDA:146,17,0,0
BRDA:146,17,1,0
BRDA:146,18,0,0
BRDA:146,18,1,0
BRDA:149,19,0,0
BRDA:149,19,1,0
BRDA:155,20,0,0
BRDA:155,20,1,0
BRDA:156,21,0,0
BRDA:156,21,1,0
BRDA:195,22,0,0
BRDA:195,22,1,0
BRDA:203,23,0,0
BRDA:203,23,1,0
BRDA:226,24,0,0
BRDA:225,25,0,0
BRDA:225,25,1,0
BRDA:241,26,0,0
BRDA:241,26,1,0
BRDA:248,27,0,0
BRDA:248,27,1,0
BRDA:255,28,0,0
BRDA:255,28,1,0
BRDA:262,29,0,0
BRDA:262,29,1,0
BRDA:269,30,0,0
BRDA:269,30,1,0
BRDA:276,31,0,0
BRDA:276,31,1,0
BRDA:286,32,0,0
BRDA:286,32,1,0
BRDA:303,33,0,0
BRDA:303,33,1,0
BRDA:319,34,0,0
BRDA:319,34,1,0
BRDA:332,35,0,0
BRDA:340,36,0,0
BRDA:340,36,1,0
BRDA:344,37,0,0
BRDA:346,38,0,0
BRDA:346,38,1,0
BRDA:363,39,0,0
BRDA:363,39,1,0
BRDA:379,40,0,0
BRDA:379,40,1,0
BRDA:395,41,0,0
BRDA:403,42,0,0
BRDA:403,42,1,0
BRDA:403,43,0,0
BRDA:403,43,1,0
BRDA:408,44,0,0
BRDA:408,44,1,0
BRDA:498,45,0,0
BRDA:498,45,1,0
BRDA:498,45,2,0
BRDA:501,46,0,0
BRDA:501,46,1,0
BRF:91
BRH:0
end_of_record
TN:
SF:src/app/(dashboard)/career-coach/page.tsx
FN:41,AICoachPage
FN:56,(anonymous_2)
FN:63,(anonymous_3)
FN:73,(anonymous_4)
FN:85,(anonymous_5)
FN:91,(anonymous_6)
FN:97,(anonymous_7)
FN:112,(anonymous_8)
FN:126,(anonymous_9)
FN:142,(anonymous_10)
FN:151,(anonymous_11)
FN:168,(anonymous_12)
FN:172,(anonymous_13)
FN:242,(anonymous_14)
FN:250,(anonymous_15)
FN:296,(anonymous_16)
FN:373,(anonymous_17)
FNF:17
FNH:5
FNDA:6,AICoachPage
FNDA:6,(anonymous_2)
FNDA:0,(anonymous_3)
FNDA:0,(anonymous_4)
FNDA:6,(anonymous_5)
FNDA:0,(anonymous_6)
FNDA:0,(anonymous_7)
FNDA:0,(anonymous_8)
FNDA:0,(anonymous_9)
FNDA:0,(anonymous_10)
FNDA:0,(anonymous_11)
FNDA:1,(anonymous_12)
FNDA:0,(anonymous_13)
FNDA:4,(anonymous_14)
FNDA:0,(anonymous_15)
FNDA:0,(anonymous_16)
FNDA:0,(anonymous_17)
DA:3,1
DA:4,1
DA:5,1
DA:6,1
DA:7,1
DA:8,1
DA:9,1
DA:10,1
DA:21,1
DA:22,1
DA:23,1
DA:24,1
DA:41,6
DA:42,6
DA:43,6
DA:44,6
DA:45,6
DA:46,6
DA:47,6
DA:49,6
DA:52,6
DA:53,6
DA:56,6
DA:57,6
DA:61,6
DA:64,0
DA:65,0
DA:71,6
DA:74,0
DA:75,0
DA:79,0
DA:85,6
DA:86,6
DA:90,6
DA:92,0
DA:95,0
DA:98,0
DA:101,0
DA:102,0
DA:111,6
DA:116,0
DA:123,0
DA:124,0
DA:127,0
DA:128,0
DA:131,0
DA:135,0
DA:143,0
DA:151,6
DA:152,0
DA:154,0
DA:155,0
DA:156,0
DA:160,0
DA:162,0
DA:164,0
DA:168,6
DA:169,1
DA:172,6
DA:173,0
DA:174,0
DA:175,0
DA:179,6
DA:191,6
DA:192,0
DA:193,0
DA:243,4
DA:250,0
DA:297,0
DA:373,0
LF:70
LH:37
BRDA:61,0,0,1
BRDA:71,1,0,1
BRDA:74,2,0,0
BRDA:74,2,1,0
BRDA:81,3,0,6
BRDA:81,3,1,0
BRDA:127,4,0,0
BRDA:127,4,1,0
BRDA:145,5,0,0
BRDA:145,5,1,0
BRDA:152,6,0,0
BRDA:152,6,1,0
BRDA:152,7,0,0
BRDA:152,7,1,0
BRDA:173,8,0,0
BRDA:173,8,1,0
BRDA:173,9,0,0
BRDA:173,9,1,0
BRDA:179,10,0,0
BRDA:179,10,1,6
BRDA:179,11,0,6
BRDA:179,11,1,6
BRDA:179,11,2,6
BRDA:191,12,0,0
BRDA:191,12,1,6
BRDA:235,13,0,3
BRDA:246,14,0,0
BRDA:246,14,1,4
BRDA:277,15,0,0
BRDA:281,16,0,0
BRDA:281,16,1,0
BRDA:299,17,0,0
BRDA:299,17,1,0
BRDA:301,18,0,0
BRDA:311,19,0,0
BRDA:311,19,1,0
BRDA:320,20,0,0
BRDA:320,20,1,0
BRDA:329,21,0,0
BRDA:340,22,0,0
BRDA:340,22,1,0
BRDA:380,23,0,0
BRDA:380,23,1,0
BRDA:385,24,0,0
BRF:44
BRH:10
end_of_record
TN:
SF:src/app/(dashboard)/career-path/page.tsx
FN:101,getIconComponent
FN:138,hydratePath
FN:143,(anonymous_6)
FN:166,CertificationCard
FN:235,CareerPathPage
FN:239,(anonymous_9)
FN:249,(anonymous_10)
FN:259,(anonymous_11)
FN:276,(anonymous_12)
FN:276,(anonymous_13)
FN:300,(anonymous_14)
FN:317,(anonymous_15)
FN:328,(anonymous_16)
FN:339,(anonymous_17)
FN:342,(anonymous_18)
FN:347,(anonymous_19)
FN:350,(anonymous_20)
FN:357,(anonymous_21)
FN:367,(anonymous_22)
FN:373,(anonymous_23)
FN:375,(anonymous_24)
FN:382,(anonymous_25)
FN:393,(anonymous_26)
FN:404,(anonymous_27)
FN:413,(anonymous_28)
FN:414,(anonymous_29)
FN:425,(anonymous_30)
FN:438,(anonymous_31)
FN:449,(anonymous_32)
FN:470,(anonymous_33)
FN:507,(anonymous_34)
FN:515,(anonymous_35)
FN:517,(anonymous_36)
FN:556,(anonymous_37)
FN:566,(anonymous_38)
FN:570,(anonymous_39)
FN:573,(anonymous_40)
FN:639,(anonymous_41)
FN:693,(anonymous_42)
FN:700,(anonymous_43)
FN:720,(anonymous_44)
FN:736,(anonymous_45)
FN:740,(anonymous_46)
FN:751,(anonymous_47)
FN:774,(anonymous_48)
FN:802,(anonymous_49)
FN:812,(anonymous_50)
FN:822,(anonymous_51)
FN:854,(anonymous_52)
FN:885,(anonymous_53)
FN:919,(anonymous_54)
FN:928,(anonymous_55)
FN:984,(anonymous_56)
FN:996,(anonymous_57)
FN:1008,(anonymous_58)
FN:1060,(anonymous_59)
FN:1160,(anonymous_60)
FN:1184,(anonymous_61)
FN:1202,(anonymous_62)
FN:1207,(anonymous_63)
FN:1237,(anonymous_64)
FN:1242,(anonymous_65)
FN:1246,(anonymous_66)
FN:1255,(anonymous_67)
FN:1293,(anonymous_68)
FN:1298,(anonymous_69)
FNF:66
FNH:0
FNDA:0,getIconComponent
FNDA:0,hydratePath
FNDA:0,(anonymous_6)
FNDA:0,CertificationCard
FNDA:0,CareerPathPage
FNDA:0,(anonymous_9)
FNDA:0,(anonymous_10)
FNDA:0,(anonymous_11)
FNDA:0,(anonymous_12)
FNDA:0,(anonymous_13)
FNDA:0,(anonymous_14)
FNDA:0,(anonymous_15)
FNDA:0,(anonymous_16)
FNDA:0,(anonymous_17)
FNDA:0,(anonymous_18)
FNDA:0,(anonymous_19)
FNDA:0,(anonymous_20)
FNDA:0,(anonymous_21)
FNDA:0,(anonymous_22)
FNDA:0,(anonymous_23)
FNDA:0,(anonymous_24)
FNDA:0,(anonymous_25)
FNDA:0,(anonymous_26)
FNDA:0,(anonymous_27)
FNDA:0,(anonymous_28)
FNDA:0,(anonymous_29)
FNDA:0,(anonymous_30)
FNDA:0,(anonymous_31)
FNDA:0,(anonymous_32)
FNDA:0,(anonymous_33)
FNDA:0,(anonymous_34)
FNDA:0,(anonymous_35)
FNDA:0,(anonymous_36)
FNDA:0,(anonymous_37)
FNDA:0,(anonymous_38)
FNDA:0,(anonymous_39)
FNDA:0,(anonymous_40)
FNDA:0,(anonymous_41)
FNDA:0,(anonymous_42)
FNDA:0,(anonymous_43)
FNDA:0,(anonymous_44)
FNDA:0,(anonymous_45)
FNDA:0,(anonymous_46)
FNDA:0,(anonymous_47)
FNDA:0,(anonymous_48)
FNDA:0,(anonymous_49)
FNDA:0,(anonymous_50)
FNDA:0,(anonymous_51)
FNDA:0,(anonymous_52)
FNDA:0,(anonymous_53)
FNDA:0,(anonymous_54)
FNDA:0,(anonymous_55)
FNDA:0,(anonymous_56)
FNDA:0,(anonymous_57)
FNDA:0,(anonymous_58)
FNDA:0,(anonymous_59)
FNDA:0,(anonymous_60)
FNDA:0,(anonymous_61)
FNDA:0,(anonymous_62)
FNDA:0,(anonymous_63)
FNDA:0,(anonymous_64)
FNDA:0,(anonymous_65)
FNDA:0,(anonymous_66)
FNDA:0,(anonymous_67)
FNDA:0,(anonymous_68)
FNDA:0,(anonymous_69)
DA:3,0
DA:4,0
DA:26,0
DA:27,0
DA:28,0
DA:29,0
DA:30,0
DA:31,0
DA:39,0
DA:40,0
DA:41,0
DA:42,0
DA:43,0
DA:44,0
DA:71,0
DA:82,0
DA:100,0
DA:102,0
DA:131,0
DA:139,0
DA:140,0
DA:143,0
DA:235,0
DA:236,0
DA:237,0
DA:240,0
DA:241,0
DA:242,0
DA:246,0
DA:249,0
DA:250,0
DA:251,0
DA:256,0
DA:260,0
DA:264,0
DA:265,0
DA:268,0
DA:269,0
DA:270,0
DA:271,0
DA:272,0
DA:273,0
DA:275,0
DA:276,0
DA:281,0
DA:282,0
DA:287,0
DA:288,0
DA:289,0
DA:294,0
DA:296,0
DA:297,0
DA:300,0
DA:301,0
DA:302,0
DA:303,0
DA:304,0
DA:305,0
DA:306,0
DA:307,0
DA:308,0
DA:311,0
DA:312,0
DA:317,0
DA:318,0
DA:322,0
DA:323,0
DA:324,0
DA:326,0
DA:329,0
DA:330,0
DA:331,0
DA:332,0
DA:333,0
DA:334,0
DA:339,0
DA:340,0
DA:341,0
DA:342,0
DA:343,0
DA:344,0
DA:347,0
DA:348,0
DA:349,0
DA:350,0
DA:353,0
DA:357,0
DA:358,0
DA:359,0
DA:360,0
DA:362,0
DA:363,0
DA:367,0
DA:368,0
DA:369,0
DA:373,0
DA:374,0
DA:375,0
DA:376,0
DA:377,0
DA:378,0
DA:380,0
DA:381,0
DA:382,0
DA:384,0
DA:385,0
DA:386,0
DA:387,0
DA:393,0
DA:394,0
DA:395,0
DA:396,0
DA:397,0
DA:398,0
DA:399,0
DA:400,0
DA:404,0
DA:405,0
DA:406,0
DA:407,0
DA:408,0
DA:409,0
DA:410,0
DA:413,0
DA:414,0
DA:415,0
DA:416,0
DA:417,0
DA:418,0
DA:423,0
DA:424,0
DA:425,0
DA:428,0
DA:434,0
DA:438,0
DA:439,0
DA:440,0
DA:441,0
DA:442,0
DA:443,0
DA:445,0
DA:449,0
DA:450,0
DA:451,0
DA:456,0
DA:458,0
DA:459,0
DA:460,0
DA:465,0
DA:466,0
DA:467,0
DA:468,0
DA:470,0
DA:475,0
DA:476,0
DA:478,0
DA:479,0
DA:480,0
DA:481,0
DA:484,0
DA:485,0
DA:486,0
DA:487,0
DA:489,0
DA:494,0
DA:497,0
DA:503,0
DA:507,0
DA:508,0
DA:509,0
DA:510,0
DA:513,0
DA:514,0
DA:515,0
DA:517,0
DA:523,0
DA:524,0
DA:526,0
DA:527,0
DA:530,0
DA:531,0
DA:532,0
DA:534,0
DA:539,0
DA:546,0
DA:552,0
DA:556,0
DA:557,0
DA:558,0
DA:559,0
DA:560,0
DA:566,0
DA:567,0
DA:569,0
DA:570,0
DA:571,0
DA:572,0
DA:573,0
DA:575,0
DA:576,0
DA:580,0
DA:583,0
DA:605,0
DA:606,0
DA:612,0
DA:639,0
DA:693,0
DA:700,0
DA:721,0
DA:722,0
DA:723,0
DA:724,0
DA:725,0
DA:736,0
DA:741,0
DA:742,0
DA:743,0
DA:748,0
DA:749,0
DA:750,0
DA:751,0
DA:752,0
DA:759,0
DA:761,0
DA:775,0
DA:776,0
DA:803,0
DA:804,0
DA:813,0
DA:814,0
DA:822,0
DA:854,0
DA:886,0
DA:887,0
DA:920,0
DA:928,0
DA:984,0
DA:997,0
DA:1008,0
DA:1060,0
DA:1161,0
DA:1185,0
DA:1203,0
DA:1208,0
DA:1237,0
DA:1242,0
DA:1247,0
DA:1248,0
DA:1249,0
DA:1255,0
DA:1256,0
DA:1260,0
DA:1261,0
DA:1263,0
DA:1293,0
DA:1299,0
DA:1300,0
DA:1301,0
DA:1305,0
DA:1306,0
DA:1308,0
LF:261
LH:0
BRDA:102,0,0,0
BRDA:102,0,1,0
BRDA:139,1,0,0
BRDA:139,1,1,0
BRDA:139,2,0,0
BRDA:139,2,1,0
BRDA:141,3,0,0
BRDA:141,3,1,0
BRDA:142,4,0,0
BRDA:142,4,1,0
BRDA:147,5,0,0
BRDA:147,5,1,0
BRDA:148,6,0,0
BRDA:148,6,1,0
BRDA:149,7,0,0
BRDA:149,7,1,0
BRDA:150,8,0,0
BRDA:150,8,1,0
BRDA:187,9,0,0
BRDA:187,9,1,0
BRDA:189,10,0,0
BRDA:189,10,1,0
BRDA:219,11,0,0
BRDA:242,12,0,0
BRDA:242,12,1,0
BRDA:242,13,0,0
BRDA:242,13,1,0
BRDA:242,13,2,0
BRDA:276,14,0,0
BRDA:276,14,1,0
BRDA:303,15,0,0
BRDA:303,15,1,0
BRDA:306,16,0,0
BRDA:306,16,1,0
BRDA:312,17,0,0
BRDA:312,17,1,0
BRDA:318,18,0,0
BRDA:318,18,1,0
BRDA:319,19,0,0
BRDA:319,19,1,0
BRDA:331,20,0,0
BRDA:331,20,1,0
BRDA:340,21,0,0
BRDA:340,21,1,0
BRDA:341,22,0,0
BRDA:341,22,1,0
BRDA:342,23,0,0
BRDA:342,23,1,0
BRDA:344,24,0,0
BRDA:344,24,1,0
BRDA:368,25,0,0
BRDA:368,25,1,0
BRDA:374,26,0,0
BRDA:374,26,1,0
BRDA:374,27,0,0
BRDA:374,27,1,0
BRDA:376,28,0,0
BRDA:376,28,1,0
BRDA:382,29,0,0
BRDA:382,29,1,0
BRDA:384,30,0,0
BRDA:384,30,1,0
BRDA:387,31,0,0
BRDA:387,31,1,0
BRDA:395,32,0,0
BRDA:395,32,1,0
BRDA:397,33,0,0
BRDA:397,33,1,0
BRDA:406,34,0,0
BRDA:406,34,1,0
BRDA:408,35,0,0
BRDA:408,35,1,0
BRDA:415,36,0,0
BRDA:415,36,1,0
BRDA:424,37,0,0
BRDA:424,37,1,0
BRDA:441,38,0,0
BRDA:441,38,1,0
BRDA:450,39,0,0
BRDA:450,39,1,0
BRDA:466,40,0,0
BRDA:466,40,1,0
BRDA:466,41,0,0
BRDA:466,41,1,0
BRDA:470,42,0,0
BRDA:470,42,1,0
BRDA:499,43,0,0
BRDA:499,43,1,0
BRDA:511,44,0,0
BRDA:511,44,1,0
BRDA:514,45,0,0
BRDA:514,45,1,0
BRDA:514,46,0,0
BRDA:514,46,1,0
BRDA:517,47,0,0
BRDA:517,47,1,0
BRDA:558,48,0,0
BRDA:558,48,1,0
BRDA:561,49,0,0
BRDA:561,49,1,0
BRDA:571,50,0,0
BRDA:571,50,1,0
BRDA:575,51,0,0
BRDA:575,51,1,0
BRDA:605,52,0,0
BRDA:605,52,1,0
BRDA:662,53,0,0
BRDA:669,54,0,0
BRDA:684,55,0,0
BRDA:691,56,0,0
BRDA:691,56,1,0
BRDA:698,57,0,0
BRDA:698,57,1,0
BRDA:707,58,0,0
BRDA:719,59,0,0
BRDA:719,59,1,0
BRDA:722,60,0,0
BRDA:722,60,1,0
BRDA:724,61,0,0
BRDA:724,61,1,0
BRDA:732,62,0,0
BRDA:741,63,0,0
BRDA:741,63,1,0
BRDA:752,64,0,0
BRDA:752,64,1,0
BRDA:752,65,0,0
BRDA:752,65,1,0
BRDA:791,66,0,0
BRDA:791,66,1,0
BRDA:833,67,0,0
BRDA:845,68,0,0
BRDA:859,69,0,0
BRDA:859,69,1,0
BRDA:863,70,0,0
BRDA:872,71,0,0
BRDA:881,72,0,0
BRDA:881,72,1,0
BRDA:891,73,0,0
BRDA:891,73,1,0
BRDA:897,74,0,0
BRDA:897,74,1,0
BRDA:913,75,0,0
BRDA:913,75,1,0
BRDA:924,76,0,0
BRDA:924,76,1,0
BRDA:933,77,0,0
BRDA:933,77,1,0
BRDA:967,78,0,0
BRDA:1004,79,0,0
BRDA:1004,79,1,0
BRDA:1013,80,0,0
BRDA:1013,80,1,0
BRDA:1047,81,0,0
BRDA:1071,82,0,0
BRDA:1071,82,1,0
BRDA:1072,83,0,0
BRDA:1197,84,0,0
BRDA:1202,85,0,0
BRDA:1202,85,1,0
BRDA:1247,86,0,0
BRDA:1247,86,1,0
BRDA:1247,87,0,0
BRDA:1247,87,1,0
BRDA:1256,88,0,0
BRDA:1256,88,1,0
BRDA:1256,89,0,0
BRDA:1256,89,1,0
BRDA:1285,90,0,0
BRDA:1285,90,1,0
BRDA:1299,91,0,0
BRDA:1299,91,1,0
BRF:171
BRH:0
end_of_record
TN:
SF:src/app/(dashboard)/career-profile/page.tsx
FN:68,(anonymous_4)
FN:79,(anonymous_5)
FN:90,(anonymous_6)
FN:96,(anonymous_7)
FN:106,(anonymous_8)
FN:116,CareerProfilePage
FN:155,(anonymous_10)
FN:159,(anonymous_11)
FN:172,(anonymous_12)
FN:209,(anonymous_13)
FN:215,(anonymous_14)
FN:216,(anonymous_15)
FN:228,(anonymous_16)
FN:229,(anonymous_17)
FN:378,(anonymous_18)
FN:416,(anonymous_19)
FN:439,(anonymous_20)
FN:485,(anonymous_21)
FN:768,(anonymous_31)
FN:777,(anonymous_32)
FN:880,(anonymous_40)
FN:895,(anonymous_41)
FN:912,(anonymous_42)
FN:921,(anonymous_43)
FN:1024,(anonymous_51)
FN:1039,(anonymous_52)
FN:1047,(anonymous_53)
FNF:27
FNH:0
FNDA:0,(anonymous_4)
FNDA:0,(anonymous_5)
FNDA:0,(anonymous_6)
FNDA:0,(anonymous_7)
FNDA:0,(anonymous_8)
FNDA:0,CareerProfilePage
FNDA:0,(anonymous_10)
FNDA:0,(anonymous_11)
FNDA:0,(anonymous_12)
FNDA:0,(anonymous_13)
FNDA:0,(anonymous_14)
FNDA:0,(anonymous_15)
FNDA:0,(anonymous_16)
FNDA:0,(anonymous_17)
FNDA:0,(anonymous_18)
FNDA:0,(anonymous_19)
FNDA:0,(anonymous_20)
FNDA:0,(anonymous_21)
FNDA:0,(anonymous_31)
FNDA:0,(anonymous_32)
FNDA:0,(anonymous_40)
FNDA:0,(anonymous_41)
FNDA:0,(anonymous_42)
FNDA:0,(anonymous_43)
FNDA:0,(anonymous_51)
FNDA:0,(anonymous_52)
FNDA:0,(anonymous_53)
DA:3,0
DA:4,0
DA:5,0
DA:6,0
DA:7,0
DA:8,0
DA:9,0
DA:10,0
DA:11,0
DA:12,0
DA:15,0
DA:16,0
DA:17,0
DA:18,0
DA:19,0
DA:20,0
DA:21,0
DA:22,0
DA:23,0
DA:24,0
DA:27,0
DA:30,0
DA:41,0
DA:52,0
DA:68,0
DA:79,0
DA:90,0
DA:91,0
DA:92,0
DA:93,0
DA:96,0
DA:97,0
DA:106,0
DA:107,0
DA:116,0
DA:117,0
DA:118,0
DA:119,0
DA:120,0
DA:123,0
DA:124,0
DA:127,0
DA:144,0
DA:149,0
DA:155,0
DA:156,0
DA:157,0
DA:158,0
DA:159,0
DA:171,0
DA:172,0
DA:184,0
DA:185,0
DA:188,0
DA:189,0
DA:192,0
DA:209,0
DA:210,0
DA:211,0
DA:212,0
DA:214,0
DA:215,0
DA:216,0
DA:227,0
DA:228,0
DA:229,0
DA:240,0
DA:257,0
DA:262,0
DA:264,0
DA:265,0
DA:271,0
DA:275,0
DA:283,0
DA:294,0
DA:297,0
DA:378,0
DA:417,0
DA:440,0
DA:441,0
DA:446,0
DA:486,0
DA:487,0
DA:492,0
DA:769,0
DA:777,0
DA:880,0
DA:895,0
DA:913,0
DA:921,0
DA:1024,0
DA:1039,0
DA:1047,0
LF:93
LH:0
BRDA:91,0,0,0
BRDA:91,0,1,0
BRDA:93,1,0,0
BRDA:93,1,1,0
BRDA:98,2,0,0
BRDA:98,2,1,0
BRDA:98,2,2,0
BRDA:98,2,3,0
BRDA:98,2,4,0
BRDA:98,2,5,0
BRDA:108,3,0,0
BRDA:108,3,1,0
BRDA:108,3,2,0
BRDA:108,3,3,0
BRDA:108,3,4,0
BRDA:108,3,5,0
BRDA:156,4,0,0
BRDA:156,4,1,0
BRDA:158,5,0,0
BRDA:158,5,1,0
BRDA:160,6,0,0
BRDA:160,6,1,0
BRDA:161,7,0,0
BRDA:161,7,1,0
BRDA:162,8,0,0
BRDA:162,8,1,0
BRDA:163,9,0,0
BRDA:163,9,1,0
BRDA:164,10,0,0
BRDA:164,10,1,0
BRDA:165,11,0,0
BRDA:165,11,1,0
BRDA:167,12,0,0
BRDA:167,12,1,0
BRDA:171,13,0,0
BRDA:171,13,1,0
BRDA:173,14,0,0
BRDA:173,14,1,0
BRDA:174,15,0,0
BRDA:174,15,1,0
BRDA:175,16,0,0
BRDA:175,16,1,0
BRDA:176,17,0,0
BRDA:176,17,1,0
BRDA:177,18,0,0
BRDA:177,18,1,0
BRDA:178,19,0,0
BRDA:178,19,1,0
BRDA:180,20,0,0
BRDA:180,20,1,0
BRDA:184,21,0,0
BRDA:184,21,1,0
BRDA:188,22,0,0
BRDA:188,22,1,0
BRDA:193,23,0,0
BRDA:193,23,1,0
BRDA:194,24,0,0
BRDA:194,24,1,0
BRDA:195,25,0,0
BRDA:195,25,1,0
BRDA:196,26,0,0
BRDA:196,26,1,0
BRDA:198,27,0,0
BRDA:198,27,1,0
BRDA:199,28,0,0
BRDA:199,28,1,0
BRDA:200,29,0,0
BRDA:200,29,1,0
BRDA:201,30,0,0
BRDA:201,30,1,0
BRDA:204,31,0,0
BRDA:204,31,1,0
BRDA:212,32,0,0
BRDA:212,32,1,0
BRDA:214,33,0,0
BRDA:214,33,1,0
BRDA:217,34,0,0
BRDA:217,34,1,0
BRDA:222,35,0,0
BRDA:222,35,1,0
BRDA:227,36,0,0
BRDA:227,36,1,0
BRDA:230,37,0,0
BRDA:230,37,1,0
BRDA:235,38,0,0
BRDA:235,38,1,0
BRDA:248,39,0,0
BRDA:248,39,1,0
BRDA:251,40,0,0
BRDA:251,40,1,0
BRDA:252,41,0,0
BRDA:252,41,1,0
BRDA:267,42,0,0
BRDA:267,42,1,0
BRDA:275,43,0,0
BRDA:275,43,1,0
BRDA:283,44,0,0
BRDA:283,44,1,0
BRDA:283,45,0,0
BRDA:283,45,1,0
BRDA:294,46,0,0
BRDA:294,46,1,0
BRDA:297,47,0,0
BRDA:297,47,1,0
BRDA:341,48,0,0
BRDA:341,48,1,0
BRDA:347,49,0,0
BRDA:347,49,1,0
BRDA:353,50,0,0
BRDA:353,50,1,0
BRDA:359,51,0,0
BRDA:359,51,1,0
BRDA:362,52,0,0
BRDA:387,53,0,0
BRDA:404,54,0,0
BRDA:438,55,0,0
BRDA:440,56,0,0
BRDA:440,56,1,0
BRDA:441,57,0,0
BRDA:441,57,1,0
BRDA:442,58,0,0
BRDA:442,58,1,0
BRDA:443,59,0,0
BRDA:443,59,1,0
BRDA:443,60,0,0
BRDA:443,60,1,0
BRDA:452,61,0,0
BRDA:452,61,1,0
BRDA:455,62,0,0
BRDA:456,63,0,0
BRDA:457,64,0,0
BRDA:458,65,0,0
BRDA:448,66,0,0
BRDA:448,66,1,0
BRDA:448,67,0,0
BRDA:448,67,1,0
BRDA:484,68,0,0
BRDA:486,69,0,0
BRDA:486,69,1,0
BRDA:487,70,0,0
BRDA:487,70,1,0
BRDA:488,71,0,0
BRDA:488,71,1,0
BRDA:489,72,0,0
BRDA:489,72,1,0
BRDA:489,73,0,0
BRDA:489,73,1,0
BRDA:498,74,0,0
BRDA:498,74,1,0
BRDA:501,75,0,0
BRDA:502,76,0,0
BRDA:503,77,0,0
BRDA:504,78,0,0
BRDA:494,79,0,0
BRDA:494,79,1,0
BRDA:494,80,0,0
BRDA:494,80,1,0
BRDA:521,81,0,0
BRDA:567,82,0,0
BRDA:567,82,1,0
BRDA:772,83,0,0
BRDA:879,84,0,0
BRDA:879,84,1,0
BRDA:916,85,0,0
BRDA:1023,86,0,0
BRDA:1023,86,1,0
BRDA:1051,87,0,0
BRDA:1051,87,1,0
BRF:168
BRH:0
end_of_record
TN:
SF:src/app/(dashboard)/contacts/page.tsx
FN:111,ContactsPage
FN:194,(anonymous_5)
FN:212,(anonymous_6)
FN:242,(anonymous_7)
FN:288,(anonymous_8)
FN:311,(anonymous_9)
FN:317,(anonymous_10)
FN:332,(anonymous_11)
FN:338,(anonymous_12)
FN:375,(anonymous_13)
FN:384,(anonymous_14)
FN:416,(anonymous_15)
FN:438,(anonymous_16)
FN:460,(anonymous_17)
FN:465,(anonymous_18)
FN:471,(anonymous_19)
FN:483,(anonymous_20)
FN:485,(anonymous_21)
FN:492,(anonymous_22)
FN:496,(anonymous_23)
FN:499,(anonymous_24)
FN:502,(anonymous_25)
FN:512,(anonymous_26)
FN:516,(anonymous_27)
FN:539,(anonymous_28)
FN:567,(anonymous_29)
FN:597,(anonymous_30)
FN:608,(anonymous_31)
FN:619,(anonymous_32)
FN:639,(anonymous_33)
FN:659,(anonymous_34)
FN:669,(anonymous_35)
FN:693,(anonymous_36)
FN:704,(anonymous_37)
FN:718,(anonymous_38)
FN:727,(anonymous_39)
FN:737,(anonymous_40)
FN:748,(anonymous_41)
FN:774,(anonymous_42)
FN:795,(anonymous_43)
FN:879,(anonymous_44)
FN:890,(anonymous_45)
FN:899,(anonymous_46)
FN:922,(anonymous_47)
FN:962,(anonymous_48)
FN:995,(anonymous_49)
FN:1011,(anonymous_50)
FN:1021,(anonymous_51)
FN:1047,(anonymous_52)
FN:1097,(anonymous_53)
FN:1106,(anonymous_54)
FN:1115,(anonymous_55)
FN:1134,(anonymous_56)
FN:1174,(anonymous_57)
FN:1193,(anonymous_58)
FN:1197,(anonymous_59)
FN:1260,(anonymous_60)
FN:1270,(anonymous_61)
FN:1276,(anonymous_62)
FN:1282,(anonymous_63)
FN:1288,(anonymous_64)
FN:1294,(anonymous_65)
FN:1328,(anonymous_66)
FN:1334,(anonymous_67)
FN:1398,(anonymous_68)
FN:1402,(anonymous_69)
FN:1450,(anonymous_70)
FN:1460,(anonymous_71)
FN:1466,(anonymous_72)
FN:1472,(anonymous_73)
FN:1480,(anonymous_74)
FN:1488,(anonymous_75)
FN:1535,(anonymous_76)
FN:1539,(anonymous_77)
FN:1558,(anonymous_78)
FNF:75
FNH:0
FNDA:0,ContactsPage
FNDA:0,(anonymous_5)
FNDA:0,(anonymous_6)
FNDA:0,(anonymous_7)
FNDA:0,(anonymous_8)
FNDA:0,(anonymous_9)
FNDA:0,(anonymous_10)
FNDA:0,(anonymous_11)
FNDA:0,(anonymous_12)
FNDA:0,(anonymous_13)
FNDA:0,(anonymous_14)
FNDA:0,(anonymous_15)
FNDA:0,(anonymous_16)
FNDA:0,(anonymous_17)
FNDA:0,(anonymous_18)
FNDA:0,(anonymous_19)
FNDA:0,(anonymous_20)
FNDA:0,(anonymous_21)
FNDA:0,(anonymous_22)
FNDA:0,(anonymous_23)
FNDA:0,(anonymous_24)
FNDA:0,(anonymous_25)
FNDA:0,(anonymous_26)
FNDA:0,(anonymous_27)
FNDA:0,(anonymous_28)
FNDA:0,(anonymous_29)
FNDA:0,(anonymous_30)
FNDA:0,(anonymous_31)
FNDA:0,(anonymous_32)
FNDA:0,(anonymous_33)
FNDA:0,(anonymous_34)
FNDA:0,(anonymous_35)
FNDA:0,(anonymous_36)
FNDA:0,(anonymous_37)
FNDA:0,(anonymous_38)
FNDA:0,(anonymous_39)
FNDA:0,(anonymous_40)
FNDA:0,(anonymous_41)
FNDA:0,(anonymous_42)
FNDA:0,(anonymous_43)
FNDA:0,(anonymous_44)
FNDA:0,(anonymous_45)
FNDA:0,(anonymous_46)
FNDA:0,(anonymous_47)
FNDA:0,(anonymous_48)
FNDA:0,(anonymous_49)
FNDA:0,(anonymous_50)
FNDA:0,(anonymous_51)
FNDA:0,(anonymous_52)
FNDA:0,(anonymous_53)
FNDA:0,(anonymous_54)
FNDA:0,(anonymous_55)
FNDA:0,(anonymous_56)
FNDA:0,(anonymous_57)
FNDA:0,(anonymous_58)
FNDA:0,(anonymous_59)
FNDA:0,(anonymous_60)
FNDA:0,(anonymous_61)
FNDA:0,(anonymous_62)
FNDA:0,(anonymous_63)
FNDA:0,(anonymous_64)
FNDA:0,(anonymous_65)
FNDA:0,(anonymous_66)
FNDA:0,(anonymous_67)
FNDA:0,(anonymous_68)
FNDA:0,(anonymous_69)
FNDA:0,(anonymous_70)
FNDA:0,(anonymous_71)
FNDA:0,(anonymous_72)
FNDA:0,(anonymous_73)
FNDA:0,(anonymous_74)
FNDA:0,(anonymous_75)
FNDA:0,(anonymous_76)
FNDA:0,(anonymous_77)
FNDA:0,(anonymous_78)
DA:3,0
DA:4,0
DA:5,0
DA:6,0
DA:14,0
DA:33,0
DA:34,0
DA:44,0
DA:50,0
DA:57,0
DA:58,0
DA:59,0
DA:60,0
DA:61,0
DA:62,0
DA:63,0
DA:64,0
DA:72,0
DA:111,0
DA:112,0
DA:113,0
DA:115,0
DA:120,0
DA:125,0
DA:126,0
DA:127,0
DA:128,0
DA:131,0
DA:134,0
DA:138,0
DA:139,0
DA:140,0
DA:141,0
DA:151,0
DA:152,0
DA:153,0
DA:156,0
DA:157,0
DA:160,0
DA:161,0
DA:162,0
DA:165,0
DA:172,0
DA:180,0
DA:181,0
DA:182,0
DA:187,0
DA:188,0
DA:189,0
DA:190,0
DA:191,0
DA:192,0
DA:194,0
DA:195,0
DA:196,0
DA:197,0
DA:198,0
DA:199,0
DA:212,0
DA:214,0
DA:224,0
DA:225,0
DA:231,0
DA:238,0
DA:242,0
DA:243,0
DA:244,0
DA:245,0
DA:246,0
DA:260,0
DA:261,0
DA:271,0
DA:277,0
DA:284,0
DA:288,0
DA:289,0
DA:290,0
DA:291,0
DA:295,0
DA:300,0
DA:302,0
DA:311,0
DA:312,0
DA:313,0
DA:314,0
DA:317,0
DA:318,0
DA:319,0
DA:329,0
DA:332,0
DA:333,0
DA:334,0
DA:335,0
DA:338,0
DA:339,0
DA:340,0
DA:341,0
DA:347,0
DA:353,0
DA:358,0
DA:359,0
DA:360,0
DA:363,0
DA:364,0
DA:367,0
DA:375,0
DA:376,0
DA:377,0
DA:378,0
DA:379,0
DA:380,0
DA:381,0
DA:384,0
DA:385,0
DA:386,0
DA:387,0
DA:395,0
DA:400,0
DA:401,0
DA:404,0
DA:405,0
DA:408,0
DA:416,0
DA:417,0
DA:418,0
DA:419,0
DA:424,0
DA:430,0
DA:438,0
DA:439,0
DA:440,0
DA:441,0
DA:448,0
DA:449,0
DA:451,0
DA:460,0
DA:461,0
DA:464,0
DA:465,0
DA:469,0
DA:470,0
DA:472,0
DA:479,0
DA:483,0
DA:484,0
DA:485,0
DA:486,0
DA:487,0
DA:488,0
DA:490,0
DA:492,0
DA:496,0
DA:497,0
DA:499,0
DA:500,0
DA:502,0
DA:503,0
DA:504,0
DA:505,0
DA:506,0
DA:511,0
DA:512,0
DA:516,0
DA:517,0
DA:518,0
DA:540,0
DA:541,0
DA:542,0
DA:567,0
DA:598,0
DA:599,0
DA:609,0
DA:610,0
DA:620,0
DA:621,0
DA:640,0
DA:641,0
DA:642,0
DA:660,0
DA:670,0
DA:694,0
DA:705,0
DA:718,0
DA:727,0
DA:738,0
DA:748,0
DA:774,0
DA:795,0
DA:880,0
DA:891,0
DA:900,0
DA:923,0
DA:963,0
DA:995,0
DA:1011,0
DA:1021,0
DA:1047,0
DA:1097,0
DA:1106,0
DA:1115,0
DA:1134,0
DA:1174,0
DA:1194,0
DA:1197,0
DA:1260,0
DA:1270,0
DA:1276,0
DA:1282,0
DA:1288,0
DA:1294,0
DA:1329,0
DA:1330,0
DA:1335,0
DA:1399,0
DA:1402,0
DA:1450,0
DA:1460,0
DA:1466,0
DA:1473,0
DA:1481,0
DA:1488,0
DA:1536,0
DA:1539,0
DA:1559,0
LF:224
LH:0
BRDA:117,0,0,0
BRDA:117,0,1,0
BRDA:122,1,0,0
BRDA:122,1,1,0
BRDA:167,2,0,0
BRDA:167,2,1,0
BRDA:167,3,0,0
BRDA:167,3,1,0
BRDA:174,4,0,0
BRDA:174,4,1,0
BRDA:174,5,0,0
BRDA:174,5,1,0
BRDA:195,6,0,0
BRDA:195,6,1,0
BRDA:198,7,0,0
BRDA:198,7,1,0
BRDA:202,8,0,0
BRDA:202,8,1,0
BRDA:203,9,0,0
BRDA:203,9,1,0
BRDA:204,10,0,0
BRDA:204,10,1,0
BRDA:205,11,0,0
BRDA:205,11,1,0
BRDA:206,12,0,0
BRDA:206,12,1,0
BRDA:207,13,0,0
BRDA:207,13,1,0
BRDA:208,14,0,0
BRDA:208,14,1,0
BRDA:234,15,0,0
BRDA:234,15,1,0
BRDA:243,16,0,0
BRDA:243,16,1,0
BRDA:243,17,0,0
BRDA:243,17,1,0
BRDA:251,18,0,0
BRDA:251,18,1,0
BRDA:252,19,0,0
BRDA:252,19,1,0
BRDA:253,20,0,0
BRDA:253,20,1,0
BRDA:254,21,0,0
BRDA:254,21,1,0
BRDA:255,22,0,0
BRDA:255,22,1,0
BRDA:256,23,0,0
BRDA:256,23,1,0
BRDA:257,24,0,0
BRDA:257,24,1,0
BRDA:280,25,0,0
BRDA:280,25,1,0
BRDA:289,26,0,0
BRDA:289,26,1,0
BRDA:289,27,0,0
BRDA:289,27,1,0
BRDA:305,28,0,0
BRDA:305,28,1,0
BRDA:313,29,0,0
BRDA:313,29,1,0
BRDA:321,30,0,0
BRDA:321,30,1,0
BRDA:322,31,0,0
BRDA:322,31,1,0
BRDA:323,32,0,0
BRDA:323,32,1,0
BRDA:324,33,0,0
BRDA:324,33,1,0
BRDA:325,34,0,0
BRDA:325,34,1,0
BRDA:326,35,0,0
BRDA:326,35,1,0
BRDA:327,36,0,0
BRDA:327,36,1,0
BRDA:339,37,0,0
BRDA:339,37,1,0
BRDA:339,38,0,0
BRDA:339,38,1,0
BRDA:350,39,0,0
BRDA:350,39,1,0
BRDA:363,40,0,0
BRDA:363,40,1,0
BRDA:363,41,0,0
BRDA:363,41,1,0
BRDA:385,42,0,0
BRDA:385,42,1,0
BRDA:385,43,0,0
BRDA:385,43,1,0
BRDA:385,43,2,0
BRDA:393,44,0,0
BRDA:393,44,1,0
BRDA:404,45,0,0
BRDA:404,45,1,0
BRDA:404,46,0,0
BRDA:404,46,1,0
BRDA:417,47,0,0
BRDA:417,47,1,0
BRDA:439,48,0,0
BRDA:439,48,1,0
BRDA:439,49,0,0
BRDA:439,49,1,0
BRDA:461,50,0,0
BRDA:461,50,1,0
BRDA:464,51,0,0
BRDA:464,51,1,0
BRDA:464,52,0,0
BRDA:464,52,1,0
BRDA:469,53,0,0
BRDA:469,53,1,0
BRDA:472,54,0,0
BRDA:472,54,1,0
BRDA:472,54,2,0
BRDA:472,54,3,0
BRDA:486,55,0,0
BRDA:486,55,1,0
BRDA:487,56,0,0
BRDA:487,56,1,0
BRDA:497,57,0,0
BRDA:497,57,1,0
BRDA:497,58,0,0
BRDA:497,58,1,0
BRDA:503,59,0,0
BRDA:503,59,1,0
BRDA:505,60,0,0
BRDA:505,60,1,0
BRDA:512,61,0,0
BRDA:512,61,1,0
BRDA:512,62,0,0
BRDA:512,62,1,0
BRDA:517,63,0,0
BRDA:517,63,1,0
BRDA:596,64,0,0
BRDA:596,64,1,0
BRDA:607,65,0,0
BRDA:607,65,1,0
BRDA:618,66,0,0
BRDA:618,66,1,0
BRDA:627,67,0,0
BRDA:640,68,0,0
BRDA:640,68,1,0
BRDA:649,69,0,0
BRDA:649,69,1,0
BRDA:759,70,0,0
BRDA:759,70,1,0
BRDA:760,71,0,0
BRDA:760,71,1,0
BRDA:762,72,0,0
BRDA:762,72,1,0
BRDA:765,73,0,0
BRDA:765,73,1,0
BRDA:774,74,0,0
BRDA:774,74,1,0
BRDA:786,75,0,0
BRDA:786,75,1,0
BRDA:795,76,0,0
BRDA:795,76,1,0
BRDA:816,77,0,0
BRDA:828,78,0,0
BRDA:835,79,0,0
BRDA:850,80,0,0
BRDA:869,81,0,0
BRDA:869,81,1,0
BRDA:874,82,0,0
BRDA:880,83,0,0
BRDA:880,83,1,0
BRDA:891,84,0,0
BRDA:891,84,1,0
BRDA:900,85,0,0
BRDA:900,85,1,0
BRDA:913,86,0,0
BRDA:917,87,0,0
BRDA:938,88,0,0
BRDA:953,89,0,0
BRDA:957,90,0,0
BRDA:974,91,0,0
BRDA:980,92,0,0
BRDA:985,93,0,0
BRDA:991,94,0,0
BRDA:1134,95,0,0
BRDA:1134,95,1,0
BRDA:1158,96,0,0
BRDA:1164,97,0,0
BRDA:1167,98,0,0
BRDA:1169,99,0,0
BRDA:1169,99,1,0
BRDA:1173,100,0,0
BRDA:1209,101,0,0
BRDA:1220,102,0,0
BRDA:1220,102,1,0
BRDA:1220,103,0,0
BRDA:1220,103,1,0
BRDA:1230,104,0,0
BRDA:1230,104,1,0
BRDA:1234,105,0,0
BRDA:1234,105,1,0
BRDA:1244,106,0,0
BRDA:1244,106,1,0
BRDA:1313,107,0,0
BRDA:1316,108,0,0
BRDA:1335,109,0,0
BRDA:1335,109,1,0
BRDA:1346,110,0,0
BRDA:1346,110,1,0
BRDA:1352,111,0,0
BRDA:1383,112,0,0
BRDA:1414,113,0,0
BRDA:1425,114,0,0
BRDA:1425,114,1,0
BRDA:1434,115,0,0
BRDA:1434,115,1,0
BRDA:1512,116,0,0
BRDA:1515,117,0,0
BRDA:1552,118,0,0
BRDA:1552,118,1,0
BRF:214
BRH:0
end_of_record
TN:
SF:src/app/(dashboard)/cover-letters/page.tsx
FN:51,CoverLettersPage
FN:79,(anonymous_5)
FN:97,(anonymous_6)
FN:100,(anonymous_7)
FN:108,(anonymous_8)
FN:131,(anonymous_9)
FN:134,(anonymous_10)
FN:166,(anonymous_11)
FN:186,(anonymous_12)
FN:252,(anonymous_13)
FN:309,(anonymous_14)
FN:342,(anonymous_15)
FN:383,(anonymous_16)
FN:391,(anonymous_17)
FN:399,(anonymous_18)
FN:447,(anonymous_19)
FN:448,(anonymous_20)
FN:467,(anonymous_21)
FN:503,(anonymous_22)
FN:515,(anonymous_23)
FN:521,(anonymous_24)
FN:530,(anonymous_25)
FN:540,(anonymous_26)
FN:550,(anonymous_27)
FN:586,(anonymous_28)
FN:597,(anonymous_29)
FN:609,(anonymous_30)
FN:664,(anonymous_31)
FN:675,(anonymous_32)
FN:687,(anonymous_33)
FN:703,(anonymous_34)
FN:743,(anonymous_35)
FN:768,(anonymous_36)
FN:793,(anonymous_37)
FN:824,(anonymous_38)
FN:824,(anonymous_39)
FN:840,(anonymous_40)
FN:888,(anonymous_41)
FNF:38
FNH:0
FNDA:0,CoverLettersPage
FNDA:0,(anonymous_5)
FNDA:0,(anonymous_6)
FNDA:0,(anonymous_7)
FNDA:0,(anonymous_8)
FNDA:0,(anonymous_9)
FNDA:0,(anonymous_10)
FNDA:0,(anonymous_11)
FNDA:0,(anonymous_12)
FNDA:0,(anonymous_13)
FNDA:0,(anonymous_14)
FNDA:0,(anonymous_15)
FNDA:0,(anonymous_16)
FNDA:0,(anonymous_17)
FNDA:0,(anonymous_18)
FNDA:0,(anonymous_19)
FNDA:0,(anonymous_20)
FNDA:0,(anonymous_21)
FNDA:0,(anonymous_22)
FNDA:0,(anonymous_23)
FNDA:0,(anonymous_24)
FNDA:0,(anonymous_25)
FNDA:0,(anonymous_26)
FNDA:0,(anonymous_27)
FNDA:0,(anonymous_28)
FNDA:0,(anonymous_29)
FNDA:0,(anonymous_30)
FNDA:0,(anonymous_31)
FNDA:0,(anonymous_32)
FNDA:0,(anonymous_33)
FNDA:0,(anonymous_34)
FNDA:0,(anonymous_35)
FNDA:0,(anonymous_36)
FNDA:0,(anonymous_37)
FNDA:0,(anonymous_38)
FNDA:0,(anonymous_39)
FNDA:0,(anonymous_40)
FNDA:0,(anonymous_41)
DA:3,0
DA:4,0
DA:5,0
DA:6,0
DA:7,0
DA:8,0
DA:9,0
DA:21,0
DA:22,0
DA:23,0
DA:24,0
DA:25,0
DA:26,0
DA:27,0
DA:51,0
DA:52,0
DA:53,0
DA:54,0
DA:55,0
DA:56,0
DA:57,0
DA:58,0
DA:63,0
DA:64,0
DA:65,0
DA:66,0
DA:69,0
DA:70,0
DA:71,0
DA:72,0
DA:73,0
DA:75,0
DA:76,0
DA:77,0
DA:79,0
DA:80,0
DA:81,0
DA:82,0
DA:83,0
DA:84,0
DA:87,0
DA:92,0
DA:93,0
DA:95,0
DA:97,0
DA:98,0
DA:100,0
DA:104,0
DA:108,0
DA:109,0
DA:110,0
DA:111,0
DA:112,0
DA:123,0
DA:124,0
DA:127,0
DA:131,0
DA:132,0
DA:133,0
DA:134,0
DA:135,0
DA:137,0
DA:148,0
DA:154,0
DA:155,0
DA:158,0
DA:166,0
DA:167,0
DA:168,0
DA:170,0
DA:171,0
DA:172,0
DA:178,0
DA:186,0
DA:187,0
DA:188,0
DA:189,0
DA:195,0
DA:197,0
DA:198,0
DA:199,0
DA:208,0
DA:209,0
DA:211,0
DA:212,0
DA:215,0
DA:221,0
DA:222,0
DA:223,0
DA:226,0
DA:238,0
DA:239,0
DA:242,0
DA:248,0
DA:252,0
DA:253,0
DA:254,0
DA:260,0
DA:263,0
DA:264,0
DA:265,0
DA:266,0
DA:267,0
DA:279,0
DA:280,0
DA:281,0
DA:284,0
DA:285,0
DA:286,0
DA:289,0
DA:290,0
DA:296,0
DA:305,0
DA:309,0
DA:310,0
DA:311,0
DA:312,0
DA:313,0
DA:323,0
DA:328,0
DA:329,0
DA:332,0
DA:338,0
DA:342,0
DA:343,0
DA:344,0
DA:346,0
DA:349,0
DA:354,0
DA:360,0
DA:383,0
DA:391,0
DA:399,0
DA:448,0
DA:449,0
DA:459,0
DA:463,0
DA:467,0
DA:504,0
DA:505,0
DA:515,0
DA:521,0
DA:530,0
DA:540,0
DA:550,0
DA:586,0
DA:597,0
DA:609,0
DA:664,0
DA:675,0
DA:687,0
DA:703,0
DA:744,0
DA:769,0
DA:794,0
DA:824,0
DA:841,0
DA:844,0
DA:888,0
LF:159
LH:0
BRDA:80,0,0,0
BRDA:80,0,1,0
BRDA:82,1,0,0
BRDA:82,1,1,0
BRDA:83,2,0,0
BRDA:83,2,1,0
BRDA:89,3,0,0
BRDA:89,3,1,0
BRDA:95,4,0,0
BRDA:95,4,1,0
BRDA:98,5,0,0
BRDA:98,5,1,0
BRDA:109,6,0,0
BRDA:109,6,1,0
BRDA:123,7,0,0
BRDA:123,7,1,0
BRDA:123,8,0,0
BRDA:123,8,1,0
BRDA:132,9,0,0
BRDA:132,9,1,0
BRDA:135,10,0,0
BRDA:135,10,1,0
BRDA:143,11,0,0
BRDA:143,11,1,0
BRDA:145,12,0,0
BRDA:145,12,1,0
BRDA:154,13,0,0
BRDA:154,13,1,0
BRDA:154,14,0,0
BRDA:154,14,1,0
BRDA:167,15,0,0
BRDA:167,15,1,0
BRDA:168,16,0,0
BRDA:168,16,1,0
BRDA:187,17,0,0
BRDA:187,17,1,0
BRDA:188,18,0,0
BRDA:188,18,1,0
BRDA:188,19,0,0
BRDA:188,19,1,0
BRDA:188,19,2,0
BRDA:209,20,0,0
BRDA:209,20,1,0
BRDA:209,21,0,0
BRDA:209,21,1,0
BRDA:211,22,0,0
BRDA:211,22,1,0
BRDA:222,23,0,0
BRDA:222,23,1,0
BRDA:222,24,0,0
BRDA:222,24,1,0
BRDA:230,25,0,0
BRDA:230,25,1,0
BRDA:233,26,0,0
BRDA:233,26,1,0
BRDA:238,27,0,0
BRDA:238,27,1,0
BRDA:238,28,0,0
BRDA:238,28,1,0
BRDA:253,29,0,0
BRDA:253,29,1,0
BRDA:253,30,0,0
BRDA:253,30,1,0
BRDA:274,31,0,0
BRDA:274,31,1,0
BRDA:275,32,0,0
BRDA:275,32,1,0
BRDA:280,33,0,0
BRDA:280,33,1,0
BRDA:281,34,0,0
BRDA:281,34,1,0
BRDA:285,35,0,0
BRDA:285,35,1,0
BRDA:299,36,0,0
BRDA:299,36,1,0
BRDA:310,37,0,0
BRDA:310,37,1,0
BRDA:310,38,0,0
BRDA:310,38,1,0
BRDA:315,39,0,0
BRDA:315,39,1,0
BRDA:316,40,0,0
BRDA:316,40,1,0
BRDA:317,41,0,0
BRDA:317,41,1,0
BRDA:328,42,0,0
BRDA:328,42,1,0
BRDA:328,43,0,0
BRDA:328,43,1,0
BRDA:344,44,0,0
BRDA:344,44,1,0
BRDA:344,44,2,0
BRDA:346,45,0,0
BRDA:346,45,1,0
BRDA:346,45,2,0
BRDA:382,46,0,0
BRDA:382,46,1,0
BRDA:390,47,0,0
BRDA:390,47,1,0
BRDA:398,48,0,0
BRDA:398,48,1,0
BRDA:408,49,0,0
BRDA:412,50,0,0
BRDA:412,50,1,0
BRDA:414,51,0,0
BRDA:423,52,0,0
BRDA:427,53,0,0
BRDA:426,54,0,0
BRDA:426,54,1,0
BRDA:435,55,0,0
BRDA:435,55,1,0
BRDA:437,56,0,0
BRDA:449,57,0,0
BRDA:478,58,0,0
BRDA:478,58,1,0
BRDA:493,59,0,0
BRDA:493,59,1,0
BRDA:567,60,0,0
BRDA:619,61,0,0
BRDA:619,61,1,0
BRDA:619,61,2,0
BRDA:619,61,3,0
BRDA:627,62,0,0
BRDA:645,63,0,0
BRDA:712,64,0,0
BRDA:712,64,1,0
BRDA:712,64,2,0
BRDA:719,65,0,0
BRDA:731,66,0,0
BRDA:743,67,0,0
BRDA:768,68,0,0
BRDA:793,69,0,0
BRDA:812,70,0,0
BRDA:827,71,0,0
BRDA:827,71,1,0
BRDA:831,72,0,0
BRDA:842,73,0,0
BRDA:842,73,1,0
BRDA:862,74,0,0
BRDA:885,75,0,0
BRDA:890,76,0,0
BRDA:890,76,1,0
BRDA:891,77,0,0
BRDA:891,77,1,0
BRF:144
BRH:0
end_of_record
TN:
SF:src/app/(dashboard)/cover-letters/[id]/page.tsx
FN:39,CoverLetterDetailPage
FN:57,(anonymous_5)
FN:57,(anonymous_6)
FN:71,(anonymous_7)
FN:81,(anonymous_8)
FN:113,(anonymous_9)
FN:180,(anonymous_10)
FN:218,(anonymous_11)
FN:266,(anonymous_12)
FN:270,(anonymous_13)
FN:274,(anonymous_14)
FN:278,(anonymous_15)
FN:289,(anonymous_16)
FN:302,(anonymous_17)
FN:311,(anonymous_18)
FN:333,(anonymous_19)
FNF:16
FNH:0
FNDA:0,CoverLetterDetailPage
FNDA:0,(anonymous_5)
FNDA:0,(anonymous_6)
FNDA:0,(anonymous_7)
FNDA:0,(anonymous_8)
FNDA:0,(anonymous_9)
FNDA:0,(anonymous_10)
FNDA:0,(anonymous_11)
FNDA:0,(anonymous_12)
FNDA:0,(anonymous_13)
FNDA:0,(anonymous_14)
FNDA:0,(anonymous_15)
FNDA:0,(anonymous_16)
FNDA:0,(anonymous_17)
FNDA:0,(anonymous_18)
FNDA:0,(anonymous_19)
DA:3,0
DA:4,0
DA:5,0
DA:6,0
DA:7,0
DA:8,0
DA:9,0
DA:10,0
DA:11,0
DA:12,0
DA:13,0
DA:24,0
DA:39,0
DA:40,0
DA:41,0
DA:42,0
DA:44,0
DA:45,0
DA:46,0
DA:48,0
DA:53,0
DA:54,0
DA:55,0
DA:57,0
DA:59,0
DA:60,0
DA:61,0
DA:62,0
DA:63,0
DA:64,0
DA:65,0
DA:66,0
DA:67,0
DA:68,0
DA:69,0
DA:71,0
DA:72,0
DA:73,0
DA:74,0
DA:75,0
DA:76,0
DA:77,0
DA:81,0
DA:82,0
DA:83,0
DA:84,0
DA:85,0
DA:96,0
DA:101,0
DA:103,0
DA:109,0
DA:113,0
DA:114,0
DA:115,0
DA:117,0
DA:118,0
DA:119,0
DA:130,0
DA:131,0
DA:132,0
DA:135,0
DA:136,0
DA:137,0
DA:144,0
DA:145,0
DA:151,0
DA:152,0
DA:159,0
DA:160,0
DA:161,0
DA:168,0
DA:169,0
DA:176,0
DA:180,0
DA:181,0
DA:182,0
DA:183,0
DA:184,0
DA:185,0
DA:190,0
DA:192,0
DA:198,0
DA:202,0
DA:210,0
DA:218,0
DA:266,0
DA:270,0
DA:274,0
DA:278,0
DA:289,0
DA:302,0
DA:311,0
DA:333,0
LF:93
LH:0
BRDA:50,0,0,0
BRDA:50,0,1,0
BRDA:72,1,0,0
BRDA:72,1,1,0
BRDA:73,2,0,0
BRDA:73,2,1,0
BRDA:74,3,0,0
BRDA:74,3,1,0
BRDA:75,4,0,0
BRDA:75,4,1,0
BRDA:76,5,0,0
BRDA:76,5,1,0
BRDA:77,6,0,0
BRDA:77,6,1,0
BRDA:82,7,0,0
BRDA:82,7,1,0
BRDA:82,8,0,0
BRDA:82,8,1,0
BRDA:91,9,0,0
BRDA:91,9,1,0
BRDA:105,10,0,0
BRDA:105,10,1,0
BRDA:114,11,0,0
BRDA:114,11,1,0
BRDA:114,12,0,0
BRDA:114,12,1,0
BRDA:114,12,2,0
BRDA:123,13,0,0
BRDA:123,13,1,0
BRDA:126,14,0,0
BRDA:126,14,1,0
BRDA:131,15,0,0
BRDA:131,15,1,0
BRDA:132,16,0,0
BRDA:132,16,1,0
BRDA:135,17,0,0
BRDA:135,17,1,0
BRDA:139,18,0,0
BRDA:139,18,1,0
BRDA:154,19,0,0
BRDA:154,19,1,0
BRDA:155,20,0,0
BRDA:155,20,1,0
BRDA:156,21,0,0
BRDA:156,21,1,0
BRDA:157,22,0,0
BRDA:157,22,1,0
BRDA:159,23,0,0
BRDA:159,23,1,0
BRDA:181,24,0,0
BRDA:181,24,1,0
BRDA:181,25,0,0
BRDA:181,25,1,0
BRDA:194,26,0,0
BRDA:194,26,1,0
BRDA:202,27,0,0
BRDA:202,27,1,0
BRDA:202,28,0,0
BRDA:202,28,1,0
BRDA:210,29,0,0
BRDA:210,29,1,0
BRDA:233,30,0,0
BRDA:241,31,0,0
BRDA:241,31,1,0
BRDA:256,32,0,0
BRDA:291,33,0,0
BRDA:292,34,0,0
BRDA:292,34,1,0
BRDA:296,35,0,0
BRDA:325,36,0,0
BRDA:325,36,1,0
BRDA:325,36,2,0
BRDA:327,37,0,0
BRF:73
BRH:0
end_of_record
TN:
SF:src/app/(dashboard)/dashboard/page.tsx
FN:35,formatTimeAgo
FN:67,DashboardPage
FN:79,(anonymous_4)
FN:371,(anonymous_5)
FNF:4
FNH:1
FNDA:0,formatTimeAgo
FNDA:29,DashboardPage
FNDA:0,(anonymous_4)
FNDA:0,(anonymous_5)
DA:3,1
DA:4,1
DA:5,1
DA:6,1
DA:7,1
DA:8,1
DA:9,1
DA:10,1
DA:11,1
DA:12,1
DA:13,1
DA:14,1
DA:15,1
DA:16,1
DA:17,1
DA:18,1
DA:25,1
DA:30,1
DA:31,1
DA:32,1
DA:36,0
DA:37,0
DA:38,0
DA:39,0
DA:40,0
DA:42,0
DA:43,0
DA:44,0
DA:45,0
DA:46,0
DA:47,0
DA:49,0
DA:53,1
DA:67,7
DA:68,29
DA:69,29
DA:70,29
DA:73,29
DA:79,0
DA:80,0
DA:81,0
DA:82,0
DA:84,0
DA:85,0
DA:86,0
DA:90,0
DA:101,0
DA:102,0
DA:106,0
DA:118,0
DA:127,0
DA:132,0
DA:143,0
DA:154,0
DA:372,0
DA:373,0
LF:56
LH:26
BRDA:42,0,0,0
BRDA:42,0,1,0
BRDA:43,1,0,0
BRDA:43,1,1,0
BRDA:44,2,0,0
BRDA:44,2,1,0
BRDA:45,3,0,0
BRDA:45,3,1,0
BRDA:46,4,0,0
BRDA:46,4,1,0
BRDA:47,5,0,0
BRDA:47,5,1,0
BRDA:75,6,0,0
BRDA:75,6,1,0
BRDA:80,7,0,0
BRDA:80,7,1,0
BRDA:84,8,0,0
BRDA:84,8,1,0
BRDA:84,9,0,0
BRDA:84,9,1,0
BRDA:90,10,0,0
BRDA:90,10,1,0
BRDA:101,11,0,0
BRDA:101,11,1,0
BRDA:101,12,0,0
BRDA:101,12,1,0
BRDA:106,13,0,0
BRDA:106,13,1,0
BRDA:106,14,0,0
BRDA:106,14,1,0
BRDA:106,14,2,0
BRDA:119,15,0,0
BRDA:119,15,1,0
BRDA:120,16,0,0
BRDA:120,16,1,0
BRDA:121,17,0,0
BRDA:121,17,1,0
BRDA:122,18,0,0
BRDA:122,18,1,0
BRDA:123,19,0,0
BRDA:123,19,1,0
BRDA:124,20,0,0
BRDA:124,20,1,0
BRDA:273,21,0,0
BRDA:273,21,1,0
BRDA:273,22,0,0
BRDA:273,22,1,0
BRDA:306,23,0,0
BRDA:306,23,1,0
BRDA:307,24,0,0
BRDA:307,24,1,0
BRDA:308,25,0,0
BRDA:308,25,1,0
BRDA:331,26,0,0
BRDA:331,26,1,0
BRDA:371,27,0,0
BRDA:370,28,0,0
BRDA:370,28,1,0
BRDA:372,29,0,0
BRDA:372,29,1,0
BRF:60
BRH:0
end_of_record
TN:
SF:src/app/(dashboard)/goals/page.tsx
FN:33,Goals
FN:50,(anonymous_6)
FN:53,(anonymous_7)
FN:64,(anonymous_8)
FN:67,(anonymous_9)
FN:76,(anonymous_10)
FN:85,(anonymous_11)
FN:86,(anonymous_12)
FN:93,(anonymous_13)
FN:99,(anonymous_14)
FN:100,(anonymous_15)
FN:108,(anonymous_16)
FN:118,(anonymous_17)
FN:130,(anonymous_18)
FN:131,(anonymous_19)
FN:140,(anonymous_20)
FN:150,(anonymous_21)
FN:162,(anonymous_22)
FN:170,(anonymous_23)
FN:177,(anonymous_24)
FN:181,(anonymous_25)
FN:242,(anonymous_26)
FN:261,(anonymous_27)
FN:292,(anonymous_28)
FN:295,(anonymous_29)
FN:298,(anonymous_30)
FN:314,(anonymous_31)
FN:317,(anonymous_32)
FN:320,(anonymous_33)
FN:323,(anonymous_34)
FN:326,(anonymous_35)
FN:339,(anonymous_36)
FN:356,(anonymous_37)
FN:362,(anonymous_38)
FN:363,(anonymous_39)
FN:396,(anonymous_40)
FN:420,(anonymous_41)
FN:428,(anonymous_42)
FN:440,(anonymous_43)
FN:446,(anonymous_44)
FN:458,(anonymous_45)
FN:459,(anonymous_46)
FN:484,(anonymous_47)
FN:516,(anonymous_48)
FN:529,(anonymous_49)
FN:536,(anonymous_50)
FNF:46
FNH:0
FNDA:0,Goals
FNDA:0,(anonymous_6)
FNDA:0,(anonymous_7)
FNDA:0,(anonymous_8)
FNDA:0,(anonymous_9)
FNDA:0,(anonymous_10)
FNDA:0,(anonymous_11)
FNDA:0,(anonymous_12)
FNDA:0,(anonymous_13)
FNDA:0,(anonymous_14)
FNDA:0,(anonymous_15)
FNDA:0,(anonymous_16)
FNDA:0,(anonymous_17)
FNDA:0,(anonymous_18)
FNDA:0,(anonymous_19)
FNDA:0,(anonymous_20)
FNDA:0,(anonymous_21)
FNDA:0,(anonymous_22)
FNDA:0,(anonymous_23)
FNDA:0,(anonymous_24)
FNDA:0,(anonymous_25)
FNDA:0,(anonymous_26)
FNDA:0,(anonymous_27)
FNDA:0,(anonymous_28)
FNDA:0,(anonymous_29)
FNDA:0,(anonymous_30)
FNDA:0,(anonymous_31)
FNDA:0,(anonymous_32)
FNDA:0,(anonymous_33)
FNDA:0,(anonymous_34)
FNDA:0,(anonymous_35)
FNDA:0,(anonymous_36)
FNDA:0,(anonymous_37)
FNDA:0,(anonymous_38)
FNDA:0,(anonymous_39)
FNDA:0,(anonymous_40)
FNDA:0,(anonymous_41)
FNDA:0,(anonymous_42)
FNDA:0,(anonymous_43)
FNDA:0,(anonymous_44)
FNDA:0,(anonymous_45)
FNDA:0,(anonymous_46)
FNDA:0,(anonymous_47)
FNDA:0,(anonymous_48)
FNDA:0,(anonymous_49)
FNDA:0,(anonymous_50)
DA:3,0
DA:4,0
DA:6,0
DA:7,0
DA:8,0
DA:9,0
DA:17,0
DA:23,0
DA:24,0
DA:25,0
DA:26,0
DA:27,0
DA:28,0
DA:29,0
DA:30,0
DA:31,0
DA:33,0
DA:34,0
DA:35,0
DA:36,0
DA:37,0
DA:38,0
DA:39,0
DA:40,0
DA:41,0
DA:42,0
DA:43,0
DA:44,0
DA:47,0
DA:51,0
DA:52,0
DA:53,0
DA:54,0
DA:57,0
DA:63,0
DA:65,0
DA:68,0
DA:69,0
DA:70,0
DA:77,0
DA:85,0
DA:86,0
DA:87,0
DA:88,0
DA:89,0
DA:93,0
DA:94,0
DA:95,0
DA:99,0
DA:100,0
DA:101,0
DA:102,0
DA:109,0
DA:110,0
DA:112,0
DA:119,0
DA:121,0
DA:130,0
DA:131,0
DA:132,0
DA:133,0
DA:141,0
DA:142,0
DA:144,0
DA:151,0
DA:153,0
DA:162,0
DA:163,0
DA:165,0
DA:167,0
DA:168,0
DA:169,0
DA:171,0
DA:176,0
DA:177,0
DA:180,0
DA:181,0
DA:182,0
DA:183,0
DA:184,0
DA:185,0
DA:186,0
DA:187,0
DA:188,0
DA:189,0
DA:193,0
DA:196,0
DA:199,0
DA:204,0
DA:209,0
DA:220,0
DA:243,0
DA:244,0
DA:261,0
DA:292,0
DA:295,0
DA:298,0
DA:314,0
DA:317,0
DA:320,0
DA:323,0
DA:326,0
DA:340,0
DA:341,0
DA:356,0
DA:362,0
DA:364,0
DA:397,0
DA:398,0
DA:420,0
DA:428,0
DA:440,0
DA:446,0
DA:458,0
DA:460,0
DA:484,0
DA:517,0
DA:518,0
DA:519,0
DA:529,0
DA:537,0
DA:538,0
LF:122
LH:0
BRDA:47,0,0,0
BRDA:54,1,0,0
BRDA:54,1,1,0
BRDA:87,2,0,0
BRDA:87,2,1,0
BRDA:94,3,0,0
BRDA:94,3,1,0
BRDA:101,4,0,0
BRDA:101,4,1,0
BRDA:132,5,0,0
BRDA:132,5,1,0
BRDA:163,6,0,0
BRDA:163,6,1,0
BRDA:163,7,0,0
BRDA:163,7,1,0
BRDA:167,8,0,0
BRDA:167,8,1,0
BRDA:171,9,0,0
BRDA:171,9,1,0
BRDA:171,9,2,0
BRDA:176,10,0,0
BRDA:176,10,1,0
BRDA:182,11,0,0
BRDA:182,11,1,0
BRDA:183,12,0,0
BRDA:183,12,1,0
BRDA:184,13,0,0
BRDA:184,13,1,0
BRDA:185,14,0,0
BRDA:185,14,1,0
BRDA:186,15,0,0
BRDA:186,15,1,0
BRDA:187,16,0,0
BRDA:187,16,1,0
BRDA:188,17,0,0
BRDA:188,17,1,0
BRDA:189,18,0,0
BRDA:189,18,1,0
BRDA:287,19,0,0
BRDA:287,19,1,0
BRDA:287,20,0,0
BRDA:287,20,1,0
BRDA:353,21,0,0
BRDA:357,22,0,0
BRDA:356,23,0,0
BRDA:356,23,1,0
BRDA:356,23,2,0
BRDA:372,24,0,0
BRDA:372,24,1,0
BRDA:375,25,0,0
BRDA:375,25,1,0
BRDA:376,26,0,0
BRDA:376,26,1,0
BRDA:418,27,0,0
BRDA:418,27,1,0
BRDA:426,28,0,0
BRDA:426,28,1,0
BRDA:437,29,0,0
BRDA:441,30,0,0
BRDA:440,31,0,0
BRDA:440,31,1,0
BRDA:440,31,2,0
BRDA:440,32,0,0
BRDA:440,32,1,0
BRDA:442,33,0,0
BRDA:446,34,0,0
BRDA:446,34,1,0
BRDA:452,35,0,0
BRDA:458,36,0,0
BRDA:458,36,1,0
BRDA:476,37,0,0
BRDA:490,38,0,0
BRDA:518,39,0,0
BRDA:518,39,1,0
BRDA:525,40,0,0
BRDA:525,40,1,0
BRDA:525,41,0,0
BRDA:525,41,1,0
BRDA:527,42,0,0
BRF:79
BRH:0
end_of_record
TN:
SF:src/app/(dashboard)/interviews/page.tsx
FN:12,InterviewsPage
FN:21,(anonymous_5)
FN:23,(anonymous_6)
FN:61,(anonymous_7)
FN:82,(anonymous_8)
FN:95,(anonymous_9)
FN:97,(anonymous_10)
FN:101,(anonymous_11)
FNF:8
FNH:0
FNDA:0,InterviewsPage
FNDA:0,(anonymous_5)
FNDA:0,(anonymous_6)
FNDA:0,(anonymous_7)
FNDA:0,(anonymous_8)
FNDA:0,(anonymous_9)
FNDA:0,(anonymous_10)
FNDA:0,(anonymous_11)
DA:3,0
DA:4,0
DA:5,0
DA:6,0
DA:7,0
DA:8,0
DA:9,0
DA:10,0
DA:12,0
DA:13,0
DA:14,0
DA:16,0
DA:21,0
DA:22,0
DA:23,0
DA:37,0
DA:38,0
DA:40,0
DA:62,0
DA:82,0
DA:97,0
DA:98,0
DA:99,0
DA:101,0
LF:24
LH:0
BRDA:18,0,0,0
BRDA:18,0,1,0
BRDA:22,1,0,0
BRDA:22,1,1,0
BRDA:25,2,0,0
BRDA:25,2,1,0
BRDA:26,3,0,0
BRDA:26,3,1,0
BRDA:27,4,0,0
BRDA:27,4,1,0
BRDA:28,5,0,0
BRDA:28,5,1,0
BRDA:29,6,0,0
BRDA:29,6,1,0
BRDA:30,7,0,0
BRDA:30,7,1,0
BRDA:31,8,0,0
BRDA:31,8,1,0
BRDA:32,9,0,0
BRDA:32,9,1,0
BRDA:33,10,0,0
BRDA:33,10,1,0
BRDA:40,11,0,0
BRDA:40,11,1,0
BRDA:40,12,0,0
BRDA:40,12,1,0
BRDA:58,13,0,0
BRDA:65,14,0,0
BRDA:65,14,1,0
BRDA:65,15,0,0
BRDA:65,15,1,0
BRDA:68,16,0,0
BRDA:68,16,1,0
BRDA:68,17,0,0
BRDA:68,17,1,0
BRDA:70,18,0,0
BRDA:90,19,0,0
BRDA:98,20,0,0
BRDA:98,20,1,0
BRDA:101,21,0,0
BRDA:101,21,1,0
BRDA:101,22,0,0
BRDA:101,22,1,0
BRF:43
BRH:0
end_of_record
TN:
SF:src/app/(dashboard)/job-search/page.tsx
FN:37,JobSearchPage
FN:67,(anonymous_5)
FN:82,(anonymous_6)
FN:120,(anonymous_7)
FN:210,(anonymous_8)
FN:218,(anonymous_9)
FN:242,(anonymous_10)
FN:254,(anonymous_11)
FN:274,(anonymous_12)
FN:285,(anonymous_13)
FN:291,(anonymous_14)
FN:317,(anonymous_15)
FN:334,(anonymous_16)
FN:338,(anonymous_17)
FN:357,(anonymous_18)
FN:397,(anonymous_19)
FN:414,(anonymous_20)
FN:446,(anonymous_21)
FN:471,(anonymous_22)
FN:482,(anonymous_23)
FN:493,(anonymous_24)
FNF:21
FNH:0
FNDA:0,JobSearchPage
FNDA:0,(anonymous_5)
FNDA:0,(anonymous_6)
FNDA:0,(anonymous_7)
FNDA:0,(anonymous_8)
FNDA:0,(anonymous_9)
FNDA:0,(anonymous_10)
FNDA:0,(anonymous_11)
FNDA:0,(anonymous_12)
FNDA:0,(anonymous_13)
FNDA:0,(anonymous_14)
FNDA:0,(anonymous_15)
FNDA:0,(anonymous_16)
FNDA:0,(anonymous_17)
FNDA:0,(anonymous_18)
FNDA:0,(anonymous_19)
FNDA:0,(anonymous_20)
FNDA:0,(anonymous_21)
FNDA:0,(anonymous_22)
FNDA:0,(anonymous_23)
FNDA:0,(anonymous_24)
DA:3,0
DA:4,0
DA:5,0
DA:12,0
DA:13,0
DA:14,0
DA:15,0
DA:16,0
DA:17,0
DA:18,0
DA:19,0
DA:37,0
DA:38,0
DA:39,0
DA:40,0
DA:41,0
DA:44,0
DA:45,0
DA:46,0
DA:47,0
DA:48,0
DA:49,0
DA:50,0
DA:51,0
DA:52,0
DA:53,0
DA:54,0
DA:55,0
DA:56,0
DA:57,0
DA:59,0
DA:60,0
DA:67,0
DA:68,0
DA:69,0
DA:71,0
DA:76,0
DA:77,0
DA:82,0
DA:83,0
DA:84,0
DA:85,0
DA:120,0
DA:121,0
DA:122,0
DA:123,0
DA:124,0
DA:125,0
DA:137,0
DA:138,0
DA:140,0
DA:143,0
DA:144,0
DA:147,0
DA:148,0
DA:149,0
DA:150,0
DA:151,0
DA:152,0
DA:153,0
DA:155,0
DA:156,0
DA:157,0
DA:158,0
DA:159,0
DA:160,0
DA:165,0
DA:166,0
DA:167,0
DA:187,0
DA:191,0
DA:192,0
DA:210,0
DA:218,0
DA:242,0
DA:254,0
DA:274,0
DA:285,0
DA:291,0
DA:317,0
DA:335,0
DA:339,0
DA:340,0
DA:341,0
DA:342,0
DA:343,0
DA:344,0
DA:358,0
DA:359,0
DA:360,0
DA:361,0
DA:362,0
DA:363,0
DA:364,0
DA:365,0
DA:398,0
DA:415,0
DA:416,0
DA:421,0
DA:447,0
DA:452,0
DA:471,0
DA:482,0
LF:103
LH:0
BRDA:68,0,0,0
BRDA:68,0,1,0
BRDA:79,1,0,0
BRDA:79,1,1,0
BRDA:83,2,0,0
BRDA:83,2,1,0
BRDA:84,3,0,0
BRDA:84,3,1,0
BRDA:106,4,0,0
BRDA:106,4,1,0
BRDA:123,5,0,0
BRDA:123,5,1,0
BRDA:124,6,0,0
BRDA:124,6,1,0
BRDA:131,7,0,0
BRDA:131,7,1,0
BRDA:138,8,0,0
BRDA:138,8,1,0
BRDA:140,9,0,0
BRDA:140,9,1,0
BRDA:142,10,0,0
BRDA:142,10,1,0
BRDA:143,11,0,0
BRDA:143,11,1,0
BRDA:145,12,0,0
BRDA:145,12,1,0
BRDA:145,13,0,0
BRDA:145,13,1,0
BRDA:158,14,0,0
BRDA:158,14,1,0
BRDA:159,15,0,0
BRDA:159,15,1,0
BRDA:161,16,0,0
BRDA:161,16,1,0
BRDA:165,17,0,0
BRDA:165,17,1,0
BRDA:172,18,0,0
BRDA:172,18,1,0
BRDA:174,19,0,0
BRDA:174,19,1,0
BRDA:178,20,0,0
BRDA:178,20,1,0
BRDA:192,21,0,0
BRDA:192,21,1,0
BRDA:209,22,0,0
BRDA:209,22,1,0
BRDA:217,23,0,0
BRDA:217,23,1,0
BRDA:238,24,0,0
BRDA:238,24,1,0
BRDA:250,25,0,0
BRDA:250,25,1,0
BRDA:261,26,0,0
BRDA:318,27,0,0
BRDA:318,27,1,0
BRDA:321,28,0,0
BRDA:321,28,1,0
BRDA:329,29,0,0
BRDA:328,30,0,0
BRDA:328,30,1,0
BRDA:339,31,0,0
BRDA:339,31,1,0
BRDA:340,32,0,0
BRDA:340,32,1,0
BRDA:341,33,0,0
BRDA:341,33,1,0
BRDA:342,34,0,0
BRDA:342,34,1,0
BRDA:348,35,0,0
BRDA:348,35,1,0
BRDA:350,36,0,0
BRDA:350,36,1,0
BRDA:351,37,0,0
BRDA:351,37,1,0
BRDA:359,38,0,0
BRDA:359,38,1,0
BRDA:360,39,0,0
BRDA:360,39,1,0
BRDA:361,40,0,0
BRDA:361,40,1,0
BRDA:362,41,0,0
BRDA:362,41,1,0
BRDA:378,42,0,0
BRDA:384,43,0,0
BRDA:392,44,0,0
BRDA:392,44,1,0
BRDA:410,45,0,0
BRDA:411,46,0,0
BRDA:412,47,0,0
BRDA:413,48,0,0
BRDA:413,48,1,0
BRDA:425,49,0,0
BRDA:437,50,0,0
BRDA:465,51,0,0
BRDA:465,51,1,0
BRDA:470,52,0,0
BRDA:470,52,1,0
BRDA:481,53,0,0
BRDA:481,53,1,0
BRF:99
BRH:0
end_of_record
TN:
SF:src/app/(dashboard)/linkedin/page.tsx
FN:16,LinkedInIntegrationPage
FN:34,(anonymous_5)
FN:40,(anonymous_6)
FN:64,(anonymous_7)
FN:66,(anonymous_8)
FN:85,(anonymous_9)
FN:120,(anonymous_10)
FN:137,(anonymous_11)
FN:141,(anonymous_12)
FN:145,(anonymous_13)
FN:149,(anonymous_14)
FN:172,(anonymous_15)
FN:177,(anonymous_16)
FNF:13
FNH:0
FNDA:0,LinkedInIntegrationPage
FNDA:0,(anonymous_5)
FNDA:0,(anonymous_6)
FNDA:0,(anonymous_7)
FNDA:0,(anonymous_8)
FNDA:0,(anonymous_9)
FNDA:0,(anonymous_10)
FNDA:0,(anonymous_11)
FNDA:0,(anonymous_12)
FNDA:0,(anonymous_13)
FNDA:0,(anonymous_14)
FNDA:0,(anonymous_15)
FNDA:0,(anonymous_16)
DA:3,0
DA:4,0
DA:5,0
DA:6,0
DA:7,0
DA:8,0
DA:9,0
DA:10,0
DA:11,0
DA:12,0
DA:13,0
DA:14,0
DA:16,0
DA:17,0
DA:18,0
DA:19,0
DA:22,0
DA:23,0
DA:26,0
DA:27,0
DA:28,0
DA:31,0
DA:32,0
DA:34,0
DA:35,0
DA:36,0
DA:40,0
DA:41,0
DA:42,0
DA:43,0
DA:44,0
DA:46,0
DA:47,0
DA:48,0
DA:49,0
DA:51,0
DA:53,0
DA:58,0
DA:59,0
DA:60,0
DA:61,0
DA:62,0
DA:64,0
DA:66,0
DA:67,0
DA:68,0
DA:69,0
DA:71,0
DA:72,0
DA:74,0
DA:75,0
DA:76,0
DA:79,0
DA:81,0
DA:85,0
DA:86,0
DA:87,0
DA:88,0
DA:89,0
DA:91,0
DA:92,0
DA:100,0
DA:102,0
DA:120,0
DA:137,0
DA:141,0
DA:145,0
DA:149,0
DA:173,0
DA:178,0
DA:179,0
DA:180,0
DA:181,0
LF:73
LH:0
BRDA:22,0,0,0
BRDA:22,0,1,0
BRDA:26,1,0,0
BRDA:26,1,1,0
BRDA:35,2,0,0
BRDA:35,2,1,0
BRDA:35,3,0,0
BRDA:35,3,1,0
BRDA:35,3,2,0
BRDA:41,4,0,0
BRDA:41,4,1,0
BRDA:42,5,0,0
BRDA:42,5,1,0
BRDA:42,6,0,0
BRDA:42,6,1,0
BRDA:42,6,2,0
BRDA:51,7,0,0
BRDA:51,7,1,0
BRDA:67,8,0,0
BRDA:67,8,1,0
BRDA:74,9,0,0
BRDA:74,9,1,0
BRDA:86,10,0,0
BRDA:86,10,1,0
BRDA:87,11,0,0
BRDA:87,11,1,0
BRDA:94,12,0,0
BRDA:94,12,1,0
BRDA:102,13,0,0
BRDA:102,13,1,0
BRDA:121,14,0,0
BRDA:121,14,1,0
BRDA:122,15,0,0
BRDA:122,15,1,0
BRDA:153,16,0,0
BRDA:153,16,1,0
BRDA:154,17,0,0
BRDA:154,17,1,0
BRDA:159,18,0,0
BRDA:159,18,1,0
BRDA:169,19,0,0
BRDA:168,20,0,0
BRDA:168,20,1,0
BRDA:168,20,2,0
BRDA:178,21,0,0
BRDA:178,21,1,0
BRDA:179,22,0,0
BRDA:179,22,1,0
BRDA:181,23,0,0
BRDA:181,23,1,0
BRDA:181,24,0,0
BRDA:181,24,1,0
BRDA:184,25,0,0
BRDA:184,25,1,0
BRDA:184,26,0,0
BRDA:184,26,1,0
BRF:56
BRH:0
end_of_record
TN:
SF:src/app/(dashboard)/profile/page.tsx
FN:93,ProfilePage
FN:182,(anonymous_5)
FN:201,(anonymous_6)
FN:213,(anonymous_7)
FN:253,(anonymous_8)
FN:315,(anonymous_9)
FN:370,(anonymous_10)
FN:375,(anonymous_11)
FN:422,(anonymous_12)
FN:427,(anonymous_13)
FN:449,(anonymous_14)
FN:524,(anonymous_15)
FN:535,(anonymous_16)
FN:560,(anonymous_17)
FN:572,(anonymous_18)
FN:581,(anonymous_19)
FN:613,(anonymous_20)
FN:681,(anonymous_21)
FN:706,(anonymous_22)
FN:721,(anonymous_23)
FN:736,(anonymous_24)
FN:846,(anonymous_25)
FN:857,(anonymous_26)
FN:882,(anonymous_27)
FN:889,(anonymous_28)
FN:918,(anonymous_29)
FN:1165,(anonymous_41)
FN:1188,(anonymous_42)
FN:1220,(anonymous_43)
FN:1230,(anonymous_44)
FN:1242,(anonymous_45)
FN:1254,(anonymous_46)
FN:1264,(anonymous_47)
FN:1277,(anonymous_48)
FN:1292,(anonymous_49)
FN:1303,(anonymous_50)
FNF:36
FNH:0
FNDA:0,ProfilePage
FNDA:0,(anonymous_5)
FNDA:0,(anonymous_6)
FNDA:0,(anonymous_7)
FNDA:0,(anonymous_8)
FNDA:0,(anonymous_9)
FNDA:0,(anonymous_10)
FNDA:0,(anonymous_11)
FNDA:0,(anonymous_12)
FNDA:0,(anonymous_13)
FNDA:0,(anonymous_14)
FNDA:0,(anonymous_15)
FNDA:0,(anonymous_16)
FNDA:0,(anonymous_17)
FNDA:0,(anonymous_18)
FNDA:0,(anonymous_19)
FNDA:0,(anonymous_20)
FNDA:0,(anonymous_21)
FNDA:0,(anonymous_22)
FNDA:0,(anonymous_23)
[...]
BRDA:268,30,1,1
BRDA:280,31,0,1
BRDA:280,31,1,13
BRDA:294,32,0,3
BRDA:294,32,1,81
BRDA:299,33,0,3
BRDA:299,33,1,11
BRDA:304,34,0,3
BRDA:304,34,1,0
BRDA:305,35,0,3
BRDA:305,35,1,0
BRDA:328,36,0,1
BRDA:328,36,1,4
BRDA:328,37,0,5
BRDA:328,37,1,5
BRDA:342,38,0,0
BRDA:342,38,1,6
BRDA:361,39,0,1
BRDA:361,39,1,5
BRDA:361,40,0,6
BRDA:361,40,1,5
BRDA:361,40,2,1
BRDA:369,41,0,1
BRDA:369,41,1,4
BRDA:369,42,0,5
BRDA:369,42,1,1
BRDA:369,42,2,1
BRDA:389,43,0,4
BRDA:389,43,1,0
BRDA:389,44,0,4
BRDA:389,44,1,0
BRDA:391,45,0,1
BRDA:391,45,1,3
BRDA:399,46,0,2
BRDA:399,46,1,1
BRDA:407,47,0,0
BRDA:407,47,1,1
BRDA:426,48,0,0
BRDA:426,48,1,5
BRDA:426,49,0,5
BRDA:426,49,1,5
BRDA:439,50,0,3
BRDA:439,50,1,2
BRDA:449,51,0,1
BRDA:449,51,1,4
BRDA:460,52,0,5
BRDA:460,52,1,0
BRDA:483,53,0,3
BRDA:483,53,1,4
BRDA:484,54,0,1
BRDA:484,54,1,2
BRDA:485,55,0,1
BRDA:485,55,1,0
BRDA:489,56,0,1
BRDA:489,56,1,3
BRDA:490,57,0,1
BRDA:490,57,1,0
BRDA:491,58,0,1
BRDA:491,58,1,1
BRDA:492,59,0,1
BRDA:492,59,1,1
BRDA:494,60,0,1
BRDA:494,60,1,0
BRDA:494,61,0,1
BRDA:494,61,1,0
BRDA:496,62,0,1
BRDA:496,62,1,0
BRDA:497,63,0,1
BRDA:497,63,1,0
BRDA:501,64,0,1
BRDA:501,64,1,2
BRDA:502,65,0,1
BRDA:502,65,1,0
BRDA:508,66,0,3
BRDA:508,66,1,4
BRDA:520,67,0,24
BRDA:520,67,1,13
BRDA:520,67,2,1
BRDA:520,67,3,0
BRDA:536,68,0,0
BRDA:536,68,1,0
BRDA:536,68,2,0
BRDA:536,68,3,0
BRF:149
BRH:115
end_of_record
TN:
SF:src/lib/ai/prompts/actions.ts
FN:105,buildGenerateSummaryPrompt
FN:138,buildRewriteExperiencePrompt
FN:155,(anonymous_15)
FN:167,buildTailorToJobPrompt
FN:186,buildImproveBulletPrompt
FN:205,buildFixTensePrompt
FN:223,buildTranslatePrompt
FNF:7
FNH:7
FNDA:5,buildGenerateSummaryPrompt
FNDA:5,buildRewriteExperiencePrompt
FNDA:9,(anonymous_15)
FNDA:1,buildTailorToJobPrompt
FNDA:3,buildImproveBulletPrompt
FNDA:2,buildFixTensePrompt
FNDA:2,buildTranslatePrompt
DA:10,3
DA:22,5
DA:36,5
DA:50,3
DA:64,3
DA:78,3
DA:91,3
DA:105,5
DA:111,5
DA:113,5
DA:115,5
DA:116,2
DA:119,5
DA:120,1
DA:123,5
DA:124,1
DA:127,5
DA:128,1
DA:129,1
DA:132,5
DA:138,5
DA:145,5
DA:147,5
DA:148,5
DA:150,5
DA:151,1
DA:154,5
DA:155,5
DA:156,9
DA:159,5
DA:161,5
DA:167,1
DA:172,1
DA:174,1
DA:175,1
DA:176,1
DA:177,1
DA:178,1
DA:180,1
DA:186,3
DA:190,3
DA:192,3
DA:193,3
DA:195,3
DA:196,1
DA:199,3
DA:205,2
DA:209,2
DA:211,2
DA:213,2
DA:214,2
DA:215,2
DA:217,2
DA:223,2
DA:228,2
DA:230,2
DA:231,2
DA:232,2
DA:234,2
LF:59
LH:59
BRDA:115,0,0,2
BRDA:115,0,1,3
BRDA:119,1,0,1
BRDA:119,1,1,4
BRDA:123,2,0,1
BRDA:123,2,1,4
BRDA:123,3,0,5
BRDA:123,3,1,1
BRDA:127,4,0,1
BRDA:127,4,1,4
BRDA:148,5,0,1
BRDA:148,5,1,4
BRDA:150,6,0,1
BRDA:150,6,1,4
BRDA:159,7,0,1
BRDA:159,7,1,4
BRDA:195,8,0,1
BRDA:195,8,1,2
BRDA:211,9,0,1
BRDA:211,9,1,1
BRDA:214,10,0,1
BRDA:214,10,1,1
BRDA:228,11,0,1
BRF:23
BRH:23
end_of_record
TN:
SF:src/lib/ai/prompts/generate.ts
FN:16,buildGeneratePrompt
FNF:1
FNH:0
FNDA:0,buildGeneratePrompt
DA:16,0
DA:22,0
DA:24,0
LF:3
LH:0
BRDA:22,0,0,0
BRDA:22,0,1,0
BRDA:26,1,0,0
BRDA:26,1,1,0
BRF:4
BRH:0
end_of_record
TN:
SF:src/lib/ai/prompts/suggestions.ts
FN:45,generateSuggestionsPrompt
FN:82,(anonymous_4)
FN:134,getBlockId
FNF:3
FNH:0
FNDA:0,generateSuggestionsPrompt
FNDA:0,(anonymous_4)
FNDA:0,getBlockId
DA:12,0
DA:45,0
DA:52,0
DA:55,0
DA:56,0
DA:57,0
DA:58,0
DA:60,0
DA:61,0
DA:63,0
DA:67,0
DA:69,0
DA:70,0
DA:71,0
DA:72,0
DA:75,0
DA:76,0
DA:77,0
DA:78,0
DA:79,0
DA:80,0
DA:81,0
DA:82,0
DA:83,0
DA:86,0
DA:88,0
DA:91,0
DA:92,0
DA:93,0
DA:94,0
DA:96,0
DA:97,0
DA:99,0
DA:100,0
DA:101,0
DA:102,0
DA:103,0
DA:105,0
DA:106,0
DA:107,0
DA:108,0
DA:109,0
DA:112,0
DA:115,0
DA:118,0
DA:121,0
DA:122,0
DA:123,0
DA:124,0
DA:125,0
DA:127,0
DA:136,0
DA:138,0
DA:139,0
DA:142,0
DA:143,0
DA:147,0
LF:57
LH:0
BRDA:55,0,0,0
BRDA:55,0,1,0
BRDA:55,1,0,0
BRDA:55,1,1,0
BRDA:57,2,0,0
BRDA:57,2,1,0
BRDA:60,3,0,0
BRDA:60,3,1,0
BRDA:72,4,0,0
BRDA:72,4,1,0
BRDA:75,5,0,0
BRDA:75,5,1,0
BRDA:77,6,0,0
BRDA:77,6,1,0
BRDA:81,7,0,0
BRDA:81,7,1,0
BRDA:81,8,0,0
BRDA:81,8,1,0
BRDA:91,9,0,0
BRDA:91,9,1,0
BRDA:93,10,0,0
BRDA:93,10,1,0
BRDA:93,11,0,0
BRDA:93,11,1,0
BRDA:96,12,0,0
BRDA:96,12,1,0
BRDA:96,13,0,0
BRDA:96,13,1,0
BRDA:100,14,0,0
BRDA:100,14,1,0
BRDA:102,15,0,0
BRDA:102,15,1,0
BRDA:105,16,0,0
BRDA:105,16,1,0
BRDA:107,17,0,0
BRDA:107,17,1,0
BRDA:109,18,0,0
BRDA:109,18,1,0
BRDA:138,19,0,0
BRDA:138,19,1,0
BRDA:138,20,0,0
BRDA:138,20,1,0
BRDA:142,21,0,0
BRDA:142,21,1,0
BRDA:142,22,0,0
BRDA:142,22,1,0
BRDA:147,23,0,0
BRDA:147,23,1,0
BRF:48
BRH:0
end_of_record
TN:
SF:src/lib/ai/prompts/system.ts
FN:28,stripNewFileMarker
FNF:1
FNH:0
FNDA:0,stripNewFileMarker
DA:1,0
DA:29,0
DA:32,0
DA:35,0
LF:4
LH:0
BRF:0
BRH:0
end_of_record
TN:
SF:src/lib/ai/prompts/tidy.ts
FN:42,generateTidyPrompt
FN:50,(anonymous_5)
FN:63,(anonymous_6)
FN:76,(anonymous_7)
FN:83,(anonymous_8)
FN:92,(anonymous_9)
FN:99,(anonymous_10)
FN:117,(anonymous_11)
FN:123,(anonymous_12)
FN:133,(anonymous_13)
FNF:10
FNH:0
FNDA:0,generateTidyPrompt
FNDA:0,(anonymous_5)
FNDA:0,(anonymous_6)
FNDA:0,(anonymous_7)
FNDA:0,(anonymous_8)
FNDA:0,(anonymous_9)
FNDA:0,(anonymous_10)
FNDA:0,(anonymous_11)
FNDA:0,(anonymous_12)
FNDA:0,(anonymous_13)
DA:2,0
DA:7,0
DA:42,0
DA:43,0
DA:45,0
DA:46,0
DA:47,0
DA:48,0
DA:50,0
DA:51,0
DA:52,0
DA:54,0
DA:56,0
DA:57,0
DA:58,0
DA:59,0
DA:60,0
DA:61,0
DA:62,0
DA:63,0
DA:64,0
DA:67,0
DA:70,0
DA:71,0
DA:72,0
DA:75,0
DA:76,0
DA:77,0
DA:78,0
DA:79,0
DA:80,0
DA:81,0
DA:82,0
DA:83,0
DA:84,0
DA:88,0
DA:91,0
DA:92,0
DA:93,0
DA:94,0
DA:95,0
DA:96,0
DA:97,0
DA:98,0
DA:99,0
DA:100,0
DA:104,0
DA:107,0
DA:108,0
DA:109,0
DA:110,0
DA:111,0
DA:113,0
DA:116,0
DA:117,0
DA:118,0
DA:119,0
DA:120,0
DA:121,0
DA:122,0
DA:123,0
DA:124,0
DA:128,0
DA:131,0
DA:132,0
DA:133,0
DA:134,0
DA:136,0
DA:139,0
DA:142,0
DA:143,0
DA:144,0
DA:145,0
DA:146,0
DA:147,0
DA:148,0
DA:149,0
DA:150,0
DA:151,0
DA:152,0
DA:153,0
DA:154,0
DA:156,0
DA:162,0
LF:84
LH:0
BRDA:54,0,0,0
BRDA:54,0,1,0
BRDA:54,0,2,0
BRDA:54,0,3,0
BRDA:54,0,4,0
BRDA:54,0,5,0
BRDA:54,0,6,0
BRDA:57,1,0,0
BRDA:57,1,1,0
BRDA:58,2,0,0
BRDA:58,2,1,0
BRDA:59,3,0,0
BRDA:59,3,1,0
BRDA:60,4,0,0
BRDA:60,4,1,0
BRDA:61,5,0,0
BRDA:61,5,1,0
BRDA:81,6,0,0
BRDA:81,6,1,0
BRDA:97,7,0,0
BRDA:97,7,1,0
BRDA:109,8,0,0
BRDA:109,8,1,0
BRDA:121,9,0,0
BRDA:121,9,1,0
BRF:25
BRH:0
end_of_record
TN:
SF:src/lib/ai/streaming/index.ts
FNF:0
FNH:0
DA:6,2
DA:7,2
LF:2
LH:2
BRF:0
BRH:0
end_of_record
TN:
SF:src/lib/ai/streaming/utils.ts
FN:12,parseStreamChunk
FN:39,processStreamChunks
FN:96,formatSSEChunk
FN:104,createSSEStream
FN:110,(anonymous_10)
FN:111,(anonymous_11)
FN:139,createDurationTracker
FN:142,(anonymous_13)
FN:143,(anonymous_14)
FNF:9
FNH:0
FNDA:0,parseStreamChunk
FNDA:0,processStreamChunks
FNDA:0,formatSSEChunk
FNDA:0,createSSEStream
FNDA:0,(anonymous_10)
FNDA:0,(anonymous_11)
FNDA:0,createDurationTracker
FNDA:0,(anonymous_13)
FNDA:0,(anonymous_14)
DA:12,0
DA:14,0
DA:15,0
DA:16,0
DA:19,0
DA:22,0
DA:23,0
DA:26,0
DA:27,0
DA:28,0
DA:30,0
DA:31,0
DA:39,0
DA:44,0
DA:45,0
DA:46,0
DA:48,0
DA:49,0
DA:50,0
DA:52,0
DA:53,0
DA:57,0
DA:60,0
DA:63,0
DA:66,0
DA:67,0
DA:68,0
DA:69,0
DA:70,0
DA:77,0
DA:78,0
DA:79,0
DA:80,0
DA:84,0
DA:85,0
DA:86,0
DA:88,0
DA:96,0
DA:97,0
DA:104,0
DA:107,0
DA:109,0
DA:111,0
DA:112,0
DA:113,0
DA:116,0
DA:117,0
DA:120,0
DA:128,0
DA:130,0
DA:139,0
DA:140,0
DA:141,0
DA:142,0
DA:143,0
LF:55
LH:0
BRDA:15,0,0,0
BRDA:15,0,1,0
BRDA:22,1,0,0
BRDA:22,1,1,0
BRDA:22,2,0,0
BRDA:22,2,1,0
BRDA:52,3,0,0
BRDA:52,3,1,0
BRDA:63,4,0,0
BRDA:63,4,1,0
BRDA:67,5,0,0
BRDA:67,5,1,0
BRDA:69,6,0,0
BRDA:69,6,1,0
BRDA:77,7,0,0
BRDA:77,7,1,0
BRDA:79,8,0,0
BRDA:79,8,1,0
BRDA:84,9,0,0
BRDA:84,9,1,0
BRDA:125,10,0,0
BRDA:125,10,1,0
BRF:22
BRH:0
end_of_record
TN:
SF:src/lib/pdf/fileName.ts
FN:7,generatePDFFileName
FNF:1
FNH:1
FNDA:10,generatePDFFileName
DA:7,10
DA:9,10
DA:16,10
DA:17,10
DA:18,10
DA:19,10
DA:20,10
DA:23,10
DA:28,10
LF:9
LH:9
BRDA:9,0,0,10
BRDA:9,0,1,1
BRDA:23,1,0,10
BRDA:23,1,1,0
BRF:4
BRH:3
end_of_record
TN:
SF:src/lib/resume/profileToResume.ts
FN:71,isValidHttpUrl
FN:84,normalizePhone
FN:110,isValidEmail
FN:128,profileToResume
FN:139,(anonymous_8)
FN:181,(anonymous_9)
FN:195,(anonymous_10)
FN:221,(anonymous_11)
FN:234,(anonymous_12)
FN:247,(anonymous_13)
FN:260,(anonymous_14)
FN:284,hasMinimalResumeData
FNF:12
FNH:12
FNDA:13,isValidHttpUrl
FNDA:17,normalizePhone
FNDA:17,isValidEmail
FNDA:17,profileToResume
FNDA:13,(anonymous_8)
FNDA:5,(anonymous_9)
FNDA:5,(anonymous_10)
FNDA:3,(anonymous_11)
FNDA:3,(anonymous_12)
FNDA:4,(anonymous_13)
FNDA:4,(anonymous_14)
FNDA:4,hasMinimalResumeData
DA:48,1
DA:49,1
DA:65,0
DA:66,1
DA:72,13
DA:73,13
DA:74,9
DA:76,4
DA:88,17
DA:90,5
DA:91,5
DA:96,3
DA:101,2
DA:108,1
DA:111,17
DA:112,2
DA:128,17
DA:132,17
DA:133,17
DA:136,17
DA:139,17
DA:140,13
DA:141,13
DA:142,1
DA:144,13
DA:148,17
DA:167,17
DA:168,3
DA:180,17
DA:181,5
DA:185,17
DA:186,17
DA:187,0
DA:190,17
DA:191,3
DA:195,5
DA:209,17
DA:221,17
DA:224,17
DA:225,17
DA:226,0
DA:229,17
DA:230,3
DA:234,3
DA:247,17
DA:250,17
DA:251,17
DA:252,0
DA:255,17
DA:256,2
DA:260,4
DA:271,17
DA:284,5
DA:285,4
DA:287,4
DA:293,4
LF:56
LH:52
BRDA:74,0,0,9
BRDA:74,0,1,8
BRDA:88,1,0,12
BRDA:88,1,1,5
BRDA:93,2,0,2
BRDA:93,2,1,3
BRDA:111,3,0,15
BRDA:111,3,1,2
BRDA:139,4,0,17
BRDA:139,4,1,0
BRDA:141,5,0,1
BRDA:141,5,1,12
BRDA:141,6,0,13
BRDA:141,6,1,5
BRDA:152,7,0,17
BRDA:152,7,1,1
BRDA:155,8,0,2
BRDA:155,8,1,15
BRDA:167,9,0,3
BRDA:167,9,1,14
BRDA:167,10,0,17
BRDA:167,10,1,3
BRDA:180,11,0,17
BRDA:180,11,1,0
BRDA:181,12,0,5
BRDA:181,12,1,5
BRDA:185,13,0,17
BRDA:185,13,1,0
BRDA:186,14,0,0
BRDA:186,14,1,17
BRDA:186,15,0,17
BRDA:186,15,1,0
BRDA:190,16,0,3
BRDA:190,16,1,14
BRDA:201,17,0,5
BRDA:201,17,1,0
BRDA:213,18,0,17
BRDA:213,18,1,0
BRDA:214,19,0,17
BRDA:214,19,1,15
BRDA:221,20,0,17
BRDA:221,20,1,0
BRDA:224,21,0,17
BRDA:224,21,1,0
BRDA:225,22,0,0
BRDA:225,22,1,17
BRDA:225,23,0,17
BRDA:225,23,1,0
BRDA:229,24,0,3
BRDA:229,24,1,14
BRDA:238,25,0,3
BRDA:238,25,1,0
BRDA:247,26,0,17
BRDA:247,26,1,0
BRDA:250,27,0,17
BRDA:250,27,1,0
BRDA:251,28,0,0
BRDA:251,28,1,17
BRDA:251,29,0,17
BRDA:251,29,1,0
BRDA:255,30,0,2
BRDA:255,30,1,15
BRDA:262,31,0,4
BRDA:262,31,1,0
BRDA:263,32,0,4
BRDA:263,32,1,0
BRDA:272,33,0,17
BRDA:272,33,1,16
BRDA:272,34,0,16
BRDA:272,34,1,1
BRDA:273,35,0,17
BRDA:273,35,1,16
BRDA:285,36,0,4
BRDA:285,36,1,3
BRDA:287,37,0,4
BRDA:287,37,1,4
BRDA:287,37,2,4
BRDA:287,37,3,2
BRDA:287,37,4,2
BRDA:291,38,0,2
BRDA:291,38,1,1
BRDA:293,39,0,4
BRDA:293,39,1,3
BRF:83
BRH:65
end_of_record
TN:
SF:src/lib/resume/types.ts
FN:91,fmtDates
FNF:1
FNH:0
FNDA:0,fmtDates
DA:91,0
DA:92,0
DA:93,0
DA:94,0
DA:95,0
DA:96,0
LF:6
LH:0
BRDA:92,0,0,0
BRDA:92,0,1,0
BRDA:92,1,0,0
BRDA:92,1,1,0
BRDA:94,2,0,0
BRDA:94,2,1,0
BRDA:94,3,0,0
BRDA:94,3,1,0
BRDA:95,4,0,0
BRDA:95,4,1,0
BRDA:95,5,0,0
BRDA:95,5,1,0
BRF:12
BRH:0
end_of_record
TN:
SF:src/lib/supabase/client.ts
FN:3,createClient
FNF:1
FNH:0
FNDA:0,createClient
DA:1,0
DA:3,0
DA:4,0
LF:3
LH:0
BRF:0
BRH:0
end_of_record
TN:
SF:src/lib/supabase/server.ts
FN:4,hasSupabaseEnv
FN:8,createClient
FN:16,(anonymous_5)
FN:19,(anonymous_6)
FN:26,(anonymous_7)
FNF:5
FNH:0
FNDA:0,hasSupabaseEnv
FNDA:0,createClient
FNDA:0,(anonymous_5)
FNDA:0,(anonymous_6)
FNDA:0,(anonymous_7)
DA:1,0
DA:2,0
DA:4,0
DA:5,0
DA:8,0
DA:9,0
DA:11,0
DA:17,0
DA:20,0
DA:21,0
DA:27,0
DA:28,0
LF:12
LH:0
BRDA:5,0,0,0
BRDA:5,0,1,0
BRF:2
BRH:0
end_of_record
TN:
SF:src/lib/templates/getPreviewSrc.ts
FN:14,isHttpUrl
FN:23,normalizeBaseUrl
FN:36,getPreviewSrc
FNF:3
FNH:3
FNDA:15,isHttpUrl
FNDA:4,normalizeBaseUrl
FNDA:29,getPreviewSrc
DA:12,3
DA:15,15
DA:16,15
DA:17,2
DA:19,13
DA:24,4
DA:36,28
DA:37,29
DA:38,4
DA:41,25
DA:44,25
DA:45,2
DA:49,23
DA:50,1
DA:54,22
DA:55,12
DA:59,10
DA:60,10
DA:61,4
DA:62,4
DA:66,6
LF:21
LH:21
BRDA:17,0,0,2
BRDA:17,0,1,1
BRDA:36,1,0,22
BRDA:37,2,0,4
BRDA:37,2,1,25
BRDA:37,3,0,29
BRDA:37,3,1,26
BRDA:41,4,0,25
BRDA:41,4,1,9
BRDA:44,5,0,2
BRDA:44,5,1,23
BRDA:44,6,0,25
BRDA:44,6,1,15
BRDA:49,7,0,1
BRDA:49,7,1,22
BRDA:49,8,0,23
BRDA:49,8,1,13
BRDA:54,9,0,12
BRDA:54,9,1,10
BRDA:60,10,0,4
BRDA:60,10,1,6
BRF:21
BRH:21
end_of_record
TN:
SF:src/lib/templates/index.ts
FN:80,(anonymous_4)
FN:131,(anonymous_5)
FN:154,withTemplatePreview
FN:169,getTemplateDefinitionBySlug
FNF:4
FNH:4
FNDA:1,(anonymous_4)
FNDA:9,(anonymous_5)
FNDA:3,withTemplatePreview
FNDA:137,getTemplateDefinitionBySlug
DA:74,3
DA:80,1
DA:95,3
DA:131,9
DA:154,3
DA:157,3
DA:160,3
DA:162,3
DA:169,137
DA:170,137
LF:10
LH:10
BRDA:160,0,0,3
BRDA:160,0,1,1
BRDA:160,0,2,0
BRDA:165,1,0,3
BRDA:165,1,1,0
BRF:5
BRH:3
end_of_record
TN:
SF:src/lib/thumbnail/cache.ts
FN:15,getCachedThumbnail
FN:35,setCachedThumbnail
FN:48,invalidateThumbnail
FN:52,clearThumbnailCache
FN:56,evictOldestIfNeeded
FNF:5
FNH:4
FNDA:11,getCachedThumbnail
FNDA:109,setCachedThumbnail
FNDA:0,invalidateThumbnail
FNDA:8,clearThumbnailCache
FNDA:109,evictOldestIfNeeded
DA:12,1
DA:13,1
DA:15,11
DA:16,11
DA:17,0
DA:19,11
DA:20,11
DA:21,8
DA:24,3
DA:26,2
DA:27,2
DA:28,2
DA:31,1
DA:32,1
DA:35,109
DA:36,109
DA:37,0
DA:39,109
DA:40,109
DA:41,0
DA:43,109
DA:45,109
DA:48,0
DA:49,0
DA:52,8
DA:53,8
DA:57,109
DA:58,5
DA:59,5
DA:60,0
DA:62,5
LF:31
LH:25
BRDA:16,0,0,0
BRDA:16,0,1,11
BRDA:20,1,0,8
BRDA:20,1,1,3
BRDA:24,2,0,2
BRDA:24,2,1,1
BRDA:36,3,0,0
BRDA:36,3,1,109
BRDA:40,4,0,0
BRDA:40,4,1,109
BRDA:59,5,0,0
BRDA:59,5,1,5
BRF:12
BRH:8
end_of_record
TN:
SF:src/lib/thumbnail/conversion.ts
FN:32,dataUrlToBlob
FN:81,blobToDataUrl
FN:82,(anonymous_6)
FN:84,(anonymous_7)
FN:91,(anonymous_8)
FN:120,getBase64Overhead
FNF:6
FNH:6
FNDA:15,dataUrlToBlob
FNDA:7,blobToDataUrl
FNDA:7,(anonymous_6)
FNDA:6,(anonymous_7)
FNDA:1,(anonymous_8)
FNDA:21,getBase64Overhead
DA:32,15
DA:35,15
DA:36,15
DA:37,1
DA:40,14
DA:41,14
DA:44,14
DA:45,14
DA:47,14
DA:50,14
DA:51,11
DA:52,11
DA:53,520
DA:56,11
DA:59,3
DA:60,3
DA:81,7
DA:82,7
DA:83,7
DA:84,7
DA:85,6
DA:86,6
DA:88,0
DA:91,7
DA:92,7
DA:120,21
DA:126,21
DA:127,1
DA:133,20
DA:134,20
DA:136,20
LF:31
LH:30
BRDA:36,0,0,1
BRDA:36,0,1,14
BRDA:45,1,0,13
BRDA:45,1,1,1
BRDA:59,2,0,3
BRDA:59,2,1,0
BRDA:85,3,0,6
BRDA:85,3,1,0
BRDA:91,4,0,1
BRDA:91,4,1,1
BRDA:126,5,0,1
BRDA:126,5,1,20
BRF:12
BRH:10
end_of_record
TN:
SF:src/lib/thumbnail/renderThumbnail.ts
FN:15,loadHtml2Canvas
FN:16,(anonymous_5)
FN:30,renderThumbnail
FNF:3
FNH:3
FNDA:9,loadHtml2Canvas
FNDA:9,(anonymous_5)
FNDA:11,renderThumbnail
DA:2,1
DA:16,9
DA:17,9
DA:30,11
DA:34,11
DA:35,0
DA:38,11
DA:39,1
DA:42,10
DA:43,10
DA:44,8
DA:45,8
DA:46,1
DA:50,9
DA:51,9
DA:52,9
DA:53,9
DA:55,9
DA:62,9
DA:63,9
DA:64,6
DA:66,6
DA:67,4
DA:70,6
DA:72,3
LF:25
LH:24
BRDA:17,0,0,9
BRDA:17,0,1,0
BRDA:32,1,0,11
BRDA:32,2,0,11
BRDA:32,3,0,3
BRDA:34,4,0,0
BRDA:34,4,1,11
BRDA:38,5,0,1
BRDA:38,5,1,10
BRDA:43,6,0,8
BRDA:43,6,1,2
BRDA:45,7,0,1
BRDA:45,7,1,7
BRDA:52,8,0,9
BRDA:52,8,1,0
BRDA:52,8,2,0
BRDA:53,9,0,9
BRDA:53,9,1,0
BRDA:59,10,0,9
BRDA:59,10,1,9
BRDA:66,11,0,4
BRDA:66,11,1,2
BRDA:72,12,0,2
BRDA:72,12,1,1
BRF:24
BRH:19
end_of_record
TN:
SF:src/lib/validators/resume.ts
FN:95,(anonymous_38)
FN:116,(anonymous_39)
FN:258,validateBlockData
FN:282,isBlockType
FN:292,getBlockData
FN:372,formatZodErrorsForAI
FN:375,(anonymous_44)
FNF:7
FNH:2
FNDA:0,(anonymous_38)
FNDA:0,(anonymous_39)
FNDA:0,validateBlockData
FNDA:0,isBlockType
FNDA:0,getBlockData
FNDA:1,formatZodErrorsForAI
FNDA:2,(anonymous_44)
DA:1,1
DA:5,1
DA:7,1
DA:14,1
DA:25,1
DA:45,1
DA:60,1
DA:65,1
DA:74,1
DA:79,1
DA:86,1
DA:91,1
DA:95,0
DA:100,1
DA:106,1
DA:111,1
DA:116,0
DA:122,1
DA:133,1
DA:149,1
DA:156,1
DA:163,1
DA:170,1
DA:177,1
DA:184,1
DA:191,1
DA:200,1
DA:212,1
DA:214,1
DA:258,0
DA:259,0
DA:261,0
DA:263,0
DA:265,0
DA:267,0
DA:269,0
DA:271,0
DA:273,0
DA:275,0
DA:282,0
DA:286,0
DA:292,0
DA:296,0
DA:297,0
DA:299,0
DA:304,1
DA:310,1
DA:316,1
DA:324,1
DA:331,1
DA:348,5
DA:362,3
DA:372,1
DA:373,1
DA:375,1
DA:376,2
DA:377,2
DA:378,2
DA:381,1
LF:59
LH:41
BRDA:95,0,0,0
BRDA:95,0,1,0
BRDA:95,1,0,0
BRDA:95,1,1,0
BRDA:95,2,0,0
BRDA:95,2,1,0
BRDA:116,3,0,0
BRDA:116,3,1,0
BRDA:116,3,2,0
BRDA:259,4,0,0
BRDA:259,4,1,0
BRDA:259,4,2,0
BRDA:259,4,3,0
BRDA:259,4,4,0
BRDA:259,4,5,0
BRDA:259,4,6,0
BRDA:259,4,7,0
BRDA:296,5,0,0
BRDA:296,5,1,0
BRF:19
BRH:0
end_of_record
TN:
SF:src/providers/ConvexClientProvider.tsx
FN:12,ConvexClientProvider
FN:13,(anonymous_2)
FNF:2
FNH:0
FNDA:0,ConvexClientProvider
FNDA:0,(anonymous_2)
DA:3,0
DA:4,0
DA:5,0
DA:6,0
DA:8,0
DA:9,0
DA:12,0
DA:13,0
DA:14,0
LF:9
LH:0
BRDA:8,0,0,0
BRDA:8,0,1,0
BRF:2
BRH:0
end_of_record
TN:
SF:src/providers/QueryProvider.tsx
FN:7,QueryProvider
FN:9,(anonymous_2)
FNF:2
FNH:0
FNDA:0,QueryProvider
FNDA:0,(anonymous_2)
DA:3,0
DA:4,0
DA:5,0
DA:7,0
DA:8,0
DA:10,0
LF:6
LH:0
BRF:0
BRH:0
end_of_record
TN:
SF:src/scripts/fix-database-schema.js
FN:9,fixDatabaseSchema
FNF:1
FNH:0
FNDA:0,fixDatabaseSchema
DA:1,0
DA:2,0
DA:4,0
DA:10,0
DA:12,0
DA:14,0
DA:20,0
DA:21,0
DA:22,0
DA:25,0
DA:26,0
DA:28,0
DA:29,0
DA:30,0
DA:51,0
DA:52,0
DA:57,0
DA:58,0
DA:60,0
DA:64,0
DA:68,0
LF:21
LH:0
BRDA:20,0,0,0
BRDA:20,0,1,0
BRDA:25,1,0,0
BRDA:25,1,1,0
BRDA:25,2,0,0
BRDA:25,2,1,0
BRDA:57,3,0,0
BRDA:57,3,1,0
BRDA:60,4,0,0
BRDA:60,4,1,0
BRF:10
BRH:0
end_of_record
TN:
SF:src/types/profile.ts
FN:76,isCareerProfileDTO
FN:87,(anonymous_2)
FN:95,(anonymous_3)
FN:104,(anonymous_4)
FN:114,(anonymous_5)
FN:117,(anonymous_6)
FNF:6
FNH:0
FNDA:0,isCareerProfileDTO
FNDA:0,(anonymous_2)
FNDA:0,(anonymous_3)
FNDA:0,(anonymous_4)
FNDA:0,(anonymous_5)
FNDA:0,(anonymous_6)
DA:76,0
DA:77,0
DA:79,0
DA:81,0
DA:88,0
DA:96,0
DA:105,0
DA:114,0
DA:118,0
LF:9
LH:0
BRDA:77,0,0,0
BRDA:77,0,1,0
BRDA:77,1,0,0
BRDA:77,1,1,0
BRDA:82,2,0,0
BRDA:82,2,1,0
BRDA:82,2,2,0
BRDA:82,2,3,0
BRDA:82,2,4,0
BRDA:82,2,5,0
BRDA:82,2,6,0
BRDA:82,2,7,0
BRDA:82,2,8,0
BRDA:82,2,9,0
BRDA:82,2,10,0
BRDA:82,2,11,0
BRDA:82,2,12,0
BRDA:82,2,13,0
BRDA:82,2,14,0
BRDA:88,3,0,0
BRDA:88,3,1,0
BRDA:88,3,2,0
BRDA:88,3,3,0
BRDA:96,4,0,0
BRDA:96,4,1,0
BRDA:96,4,2,0
BRDA:96,4,3,0
BRDA:96,4,4,0
BRDA:105,5,0,0
BRDA:105,5,1,0
BRDA:105,5,2,0
BRDA:105,5,3,0
BRDA:105,5,4,0
BRDA:118,6,0,0
BRDA:118,6,1,0
BRDA:118,6,2,0
BRDA:118,6,3,0
BRF:37
BRH:0
end_of_record
TN:
SF:src/types/resume.ts
FN:114,isBlockType
FN:131,getBlockData
FN:149,sortBlocks
FN:150,(anonymous_8)
FN:156,getNextBlockOrder
FN:158,(anonymous_10)
FNF:6
FNH:0
FNDA:0,isBlockType
FNDA:0,getBlockData
FNDA:0,sortBlocks
FNDA:0,(anonymous_8)
FNDA:0,getNextBlockOrder
FNDA:0,(anonymous_10)
DA:114,0
DA:118,0
DA:131,0
DA:143,0
DA:149,0
DA:150,0
DA:156,0
DA:157,0
DA:158,0
DA:159,0
LF:10
LH:0
BRDA:143,0,0,0
BRDA:143,0,1,0
BRDA:157,1,0,0
BRDA:157,1,1,0
BRF:4
BRH:0
end_of_record
TN:
SF:src/utils/exportCoverLetter.ts
FN:11,exportCoverLetterPDF
FN:27,(anonymous_2)
FN:65,(anonymous_3)
FN:77,(anonymous_4)
FNF:4
FNH:0
FNDA:0,exportCoverLetterPDF
FNDA:0,(anonymous_2)
FNDA:0,(anonymous_3)
FNDA:0,(anonymous_4)
DA:1,0
DA:11,0
DA:20,0
DA:21,0
DA:22,0
DA:23,0
DA:24,0
DA:25,0
DA:27,0
DA:28,0
DA:29,0
DA:30,0
DA:31,0
DA:36,0
DA:37,0
DA:38,0
DA:39,0
DA:40,0
DA:41,0
DA:42,0
DA:43,0
DA:44,0
DA:48,0
DA:49,0
DA:50,0
DA:53,0
DA:54,0
DA:55,0
DA:56,0
DA:57,0
DA:58,0
DA:61,0
DA:62,0
DA:63,0
DA:64,0
DA:65,0
DA:66,0
DA:67,0
DA:68,0
DA:70,0
DA:71,0
DA:73,0
DA:75,0
DA:76,0
DA:77,0
DA:78,0
DA:79,0
DA:80,0
DA:82,0
DA:83,0
DA:86,0
DA:87,0
LF:52
LH:0
BRDA:29,0,0,0
BRDA:29,0,1,0
BRDA:38,1,0,0
BRDA:38,1,1,0
BRDA:40,2,0,0
BRDA:40,2,1,0
BRDA:53,3,0,0
BRDA:53,3,1,0
BRDA:53,4,0,0
BRDA:53,4,1,0
BRDA:54,5,0,0
BRDA:54,5,1,0
BRDA:63,6,0,0
BRDA:63,6,1,0
BRDA:64,7,0,0
BRDA:64,7,1,0
BRDA:66,8,0,0
BRDA:66,8,1,0
BRDA:75,9,0,0
BRDA:75,9,1,0
BRDA:75,10,0,0
BRDA:75,10,1,0
BRDA:78,11,0,0
BRDA:78,11,1,0
BRDA:86,12,0,0
BRDA:86,12,1,0
BRF:26
BRH:0
end_of_record
TN:
SF:src/utils/linkedin.ts
FN:9,constructLinkedInSearchUrl
FNF:1
FNH:0
FNDA:0,constructLinkedInSearchUrl
DA:9,0
DA:10,0
DA:11,0
DA:13,0
DA:14,0
DA:16,0
DA:17,0
DA:19,0
DA:23,0
DA:24,0
DA:26,0
DA:27,0
DA:29,0
DA:30,0
DA:32,0
DA:33,0
DA:35,0
DA:36,0
DA:40,0
DA:41,0
DA:43,0
DA:44,0
DA:46,0
DA:47,0
DA:49,0
DA:50,0
DA:54,0
DA:55,0
LF:28
LH:0
BRDA:13,0,0,0
BRDA:13,0,1,0
BRDA:16,1,0,0
BRDA:16,1,1,0
BRDA:19,2,0,0
BRDA:19,2,1,0
BRDA:23,3,0,0
BRDA:23,3,1,0
BRDA:24,4,0,0
BRDA:24,4,1,0
BRDA:24,4,2,0
BRDA:24,4,3,0
BRDA:40,5,0,0
BRDA:40,5,1,0
BRDA:41,6,0,0
BRDA:41,6,1,0
BRDA:41,6,2,0
BRDA:55,7,0,0
BRDA:55,7,1,0
BRF:19
BRH:0
end_of_record
TN:
SF:src/utils/schema.ts
FNF:0
FNH:0
DA:1,0
DA:3,0
LF:2
LH:0
BRF:0
BRH:0
end_of_record
